2019-08-25 15:44:25,633  - WARNING - =====有模糊用例====
2019-08-25 15:44:25,643  - INFO - ----  请求接口=【得到个人信息】,code为空,a为空        ----
2019-08-25 15:44:25,644  - INFO - ----  请求协议=http        ----
2019-08-25 15:44:25,645  - INFO - ----  请求url=127.0.0.1:8080/api/get_shop_list        ----
2019-08-25 15:44:25,646  - INFO - ----  请求方法=get        ----
2019-08-25 15:44:25,648  - INFO - ----  请求参数={'code': '', 'a': ''}        ----
2019-08-25 15:44:25,649  - INFO - ----  未检测   END     ----
2019-08-25 15:44:25,674  - INFO - ----  请求接口=【得到个人信息】,code错误的值,a为空        ----
2019-08-25 15:44:25,675  - INFO - ----  请求协议=http        ----
2019-08-25 15:44:25,676  - INFO - ----  请求url=127.0.0.1:8080/api/get_shop_list        ----
2019-08-25 15:44:25,677  - INFO - ----  请求方法=get        ----
2019-08-25 15:44:25,678  - INFO - ----  请求参数={'code': 963852, 'a': ''}        ----
2019-08-25 15:44:25,680  - INFO - ----  未检测   END     ----
2019-08-25 15:44:25,708  - INFO - ----  请求接口=【得到个人信息】,code删除,a为空        ----
2019-08-25 15:44:25,709  - INFO - ----  请求协议=http        ----
2019-08-25 15:44:25,710  - INFO - ----  请求url=127.0.0.1:8080/api/get_shop_list        ----
2019-08-25 15:44:25,711  - INFO - ----  请求方法=get        ----
2019-08-25 15:44:25,712  - INFO - ----  请求参数={'a': ''}        ----
2019-08-25 15:44:25,713  - INFO - ----  未检测   END     ----
2019-08-25 15:44:25,740  - INFO - ----  请求接口=【得到个人信息】,code删除,a错误的值        ----
2019-08-25 15:44:25,741  - INFO - ----  请求协议=http        ----
2019-08-25 15:44:25,742  - INFO - ----  请求url=127.0.0.1:8080/api/get_shop_list        ----
2019-08-25 15:44:25,743  - INFO - ----  请求方法=get        ----
2019-08-25 15:44:25,744  - INFO - ----  请求参数={'a': '70285986-c70b-11e9-bffa-bcee7b76a849'}        ----
2019-08-25 15:44:25,746  - INFO - ----  未检测   END     ----
2019-08-25 15:44:25,769  - INFO - ----  请求接口=【得到个人信息】,code错误的值,a错误的值        ----
2019-08-25 15:44:25,770  - INFO - ----  请求协议=http        ----
2019-08-25 15:44:25,771  - INFO - ----  请求url=127.0.0.1:8080/api/get_shop_list        ----
2019-08-25 15:44:25,772  - INFO - ----  请求方法=get        ----
2019-08-25 15:44:25,772  - INFO - ----  请求参数={'code': 963852, 'a': '70285986-c70b-11e9-bffa-bcee7b76a849'}        ----
2019-08-25 15:44:25,774  - INFO - ----  未检测   END     ----
2019-08-25 15:44:25,802  - INFO - ----  请求接口=【得到个人信息】,code为空,a错误的值        ----
2019-08-25 15:44:25,803  - INFO - ----  请求协议=http        ----
2019-08-25 15:44:25,804  - INFO - ----  请求url=127.0.0.1:8080/api/get_shop_list        ----
2019-08-25 15:44:25,805  - INFO - ----  请求方法=get        ----
2019-08-25 15:44:25,806  - INFO - ----  请求参数={'code': '', 'a': '70285986-c70b-11e9-bffa-bcee7b76a849'}        ----
2019-08-25 15:44:25,808  - INFO - ----  未检测   END     ----
2019-08-25 15:44:25,832  - INFO - ----  请求接口=【得到个人信息】,code为空,a删除        ----
2019-08-25 15:44:25,838  - INFO - ----  请求协议=http        ----
2019-08-25 15:44:25,839  - INFO - ----  请求url=127.0.0.1:8080/api/get_shop_list        ----
2019-08-25 15:44:25,840  - INFO - ----  请求方法=get        ----
2019-08-25 15:44:25,841  - INFO - ----  请求参数={'code': ''}        ----
2019-08-25 15:44:25,842  - INFO - ----  未检测   END     ----
2019-08-25 15:44:25,873  - INFO - ----  请求接口=【得到个人信息】,code错误的值,a删除        ----
2019-08-25 15:44:25,874  - INFO - ----  请求协议=http        ----
2019-08-25 15:44:25,875  - INFO - ----  请求url=127.0.0.1:8080/api/get_shop_list        ----
2019-08-25 15:44:25,876  - INFO - ----  请求方法=get        ----
2019-08-25 15:44:25,877  - INFO - ----  请求参数={'code': 963852}        ----
2019-08-25 15:44:25,878  - INFO - ----  未检测   END     ----
2019-08-25 15:44:25,906  - INFO - ----  请求接口=【得到个人信息】,code删除,a删除        ----
2019-08-25 15:44:25,907  - INFO - ----  请求协议=http        ----
2019-08-25 15:44:25,907  - INFO - ----  请求url=127.0.0.1:8080/api/get_shop_list        ----
2019-08-25 15:44:25,909  - INFO - ----  请求方法=get        ----
2019-08-25 15:44:25,910  - INFO - ----  请求参数={}        ----
2019-08-25 15:44:25,911  - INFO - ----  未检测   END     ----
2019-08-25 15:44:25,930  - INFO - ----  请求接口=得到个人信息        ----
2019-08-25 15:44:25,931  - INFO - ----  请求协议=http        ----
2019-08-25 15:44:25,932  - INFO - ----  请求url=127.0.0.1:8080/api/get_shop_list        ----
2019-08-25 15:44:25,933  - INFO - ----  请求方法=get        ----
2019-08-25 15:44:25,934  - INFO - ----  请求参数={"code": 1, "a":"2"}        ----
2019-08-25 15:44:25,935  - WARNING - ===value={"msg": "\u8bf7\u6c42\u6210\u529f", "code": 0, "data": [{"name": "\u6a58\u5b50", "id": 1001}, {"name": "\u54c8\u5bc6\u74dc", "id": 1002}]}=type=<class 'str'>=
2019-08-25 15:44:25,935  - INFO - ----  检查点=通过   END     ----
2019-08-25 15:44:25,956  - WARNING - =====有模糊用例====
2019-08-25 15:44:25,962  - INFO - ----  请求接口=【获取天气列表】,aa为空,data为空,a2为空        ----
2019-08-25 15:44:25,963  - INFO - ----  请求协议=http        ----
2019-08-25 15:44:25,964  - INFO - ----  请求url=127.0.0.1:8080/api/save_shop        ----
2019-08-25 15:44:25,965  - INFO - ----  请求方法=post        ----
2019-08-25 15:44:25,966  - INFO - ----  请求参数={'aa': '', 'data': '', 'a2': ''}        ----
2019-08-25 15:44:25,967  - INFO - ----  未检测   END     ----
2019-08-25 15:44:25,991  - INFO - ----  请求接口=【获取天气列表】,aa错误的值,data错误的值,a2为空        ----
2019-08-25 15:44:25,993  - INFO - ----  请求协议=http        ----
2019-08-25 15:44:25,994  - INFO - ----  请求url=127.0.0.1:8080/api/save_shop        ----
2019-08-25 15:44:25,995  - INFO - ----  请求方法=post        ----
2019-08-25 15:44:25,997  - INFO - ----  请求参数={'aa': 'a668cda8-c70a-11e9-be33-bcee7b76a849', 'data': ['a668cda9-c70a-11e9-84c9-bcee7b76a849'], 'a2': ''}        ----
2019-08-25 15:44:25,998  - INFO - ----  未检测   END     ----
2019-08-25 15:44:26,025  - INFO - ----  请求接口=【获取天气列表】,aa删除,data删除,a2为空        ----
2019-08-25 15:44:26,025  - INFO - ----  请求协议=http        ----
2019-08-25 15:44:26,026  - INFO - ----  请求url=127.0.0.1:8080/api/save_shop        ----
2019-08-25 15:44:26,028  - INFO - ----  请求方法=post        ----
2019-08-25 15:44:26,030  - INFO - ----  请求参数={'a2': ''}        ----
2019-08-25 15:44:26,031  - INFO - ----  未检测   END     ----
2019-08-25 15:44:26,053  - INFO - ----  请求接口=【获取天气列表】,aa删除,data错误的值,a2错误的值        ----
2019-08-25 15:44:26,054  - INFO - ----  请求协议=http        ----
2019-08-25 15:44:26,055  - INFO - ----  请求url=127.0.0.1:8080/api/save_shop        ----
2019-08-25 15:44:26,057  - INFO - ----  请求方法=post        ----
2019-08-25 15:44:26,058  - INFO - ----  请求参数={'data': ['a668cda9-c70a-11e9-84c9-bcee7b76a849'], 'a2': 'a668cdaa-c70a-11e9-9a0e-bcee7b76a849'}        ----
2019-08-25 15:44:26,060  - INFO - ----  未检测   END     ----
2019-08-25 15:44:26,087  - INFO - ----  请求接口=【获取天气列表】,aa错误的值,data为空,a2错误的值        ----
2019-08-25 15:44:26,087  - INFO - ----  请求协议=http        ----
2019-08-25 15:44:26,089  - INFO - ----  请求url=127.0.0.1:8080/api/save_shop        ----
2019-08-25 15:44:26,090  - INFO - ----  请求方法=post        ----
2019-08-25 15:44:26,090  - INFO - ----  请求参数={'aa': 'a668cda8-c70a-11e9-be33-bcee7b76a849', 'data': '', 'a2': 'a668cdaa-c70a-11e9-9a0e-bcee7b76a849'}        ----
2019-08-25 15:44:26,091  - INFO - ----  未检测   END     ----
2019-08-25 15:44:26,117  - INFO - ----  请求接口=【获取天气列表】,aa为空,data删除,a2错误的值        ----
2019-08-25 15:44:26,118  - INFO - ----  请求协议=http        ----
2019-08-25 15:44:26,119  - INFO - ----  请求url=127.0.0.1:8080/api/save_shop        ----
2019-08-25 15:44:26,119  - INFO - ----  请求方法=post        ----
2019-08-25 15:44:26,120  - INFO - ----  请求参数={'aa': '', 'a2': 'a668cdaa-c70a-11e9-9a0e-bcee7b76a849'}        ----
2019-08-25 15:44:26,121  - INFO - ----  未检测   END     ----
2019-08-25 15:44:26,148  - INFO - ----  请求接口=【获取天气列表】,aa为空,data错误的值,a2删除        ----
2019-08-25 15:44:26,148  - INFO - ----  请求协议=http        ----
2019-08-25 15:44:26,149  - INFO - ----  请求url=127.0.0.1:8080/api/save_shop        ----
2019-08-25 15:44:26,150  - INFO - ----  请求方法=post        ----
2019-08-25 15:44:26,150  - INFO - ----  请求参数={'aa': '', 'data': ['a668cda9-c70a-11e9-84c9-bcee7b76a849']}        ----
2019-08-25 15:44:26,151  - INFO - ----  未检测   END     ----
2019-08-25 15:44:26,181  - INFO - ----  请求接口=【获取天气列表】,aa错误的值,data删除,a2删除        ----
2019-08-25 15:44:26,182  - INFO - ----  请求协议=http        ----
2019-08-25 15:44:26,182  - INFO - ----  请求url=127.0.0.1:8080/api/save_shop        ----
2019-08-25 15:44:26,183  - INFO - ----  请求方法=post        ----
2019-08-25 15:44:26,184  - INFO - ----  请求参数={'aa': 'a668cda8-c70a-11e9-be33-bcee7b76a849'}        ----
2019-08-25 15:44:26,184  - INFO - ----  未检测   END     ----
2019-08-25 15:44:26,215  - INFO - ----  请求接口=【获取天气列表】,aa删除,data为空,a2删除        ----
2019-08-25 15:44:26,216  - INFO - ----  请求协议=http        ----
2019-08-25 15:44:26,216  - INFO - ----  请求url=127.0.0.1:8080/api/save_shop        ----
2019-08-25 15:44:26,217  - INFO - ----  请求方法=post        ----
2019-08-25 15:44:26,217  - INFO - ----  请求参数={'data': ''}        ----
2019-08-25 15:44:26,218  - INFO - ----  未检测   END     ----
2019-08-25 15:44:26,239  - INFO - ----  请求接口=获取天气列表        ----
2019-08-25 15:44:26,240  - INFO - ----  请求协议=http        ----
2019-08-25 15:44:26,241  - INFO - ----  请求url=127.0.0.1:8080/api/save_shop        ----
2019-08-25 15:44:26,241  - INFO - ----  请求方法=post        ----
2019-08-25 15:44:26,242  - INFO - ----  请求参数={"data":[{"a3": "a31"}],"aa": "cc", "a2": "c2"}        ----
2019-08-25 15:44:26,243  - WARNING - ===value={"msg": "\u4fdd\u5b58\u6210\u529f", "code": 0}=type=<class 'str'>=
2019-08-25 15:44:26,243  - INFO - ----  检查点=失败   END     ----
2019-08-25 15:44:26,273  - INFO - ----  请求接口=获取商品列表        ----
2019-08-25 15:44:26,274  - INFO - ----  请求协议=http        ----
2019-08-25 15:44:26,274  - INFO - ----  请求url=127.0.0.1:8080/api/get_shop_list        ----
2019-08-25 15:44:26,275  - INFO - ----  请求方法=get        ----
2019-08-25 15:44:26,275  - INFO - ----  请求参数={"code": 1, "a":"2"}        ----
2019-08-25 15:44:26,276  - WARNING - ===value={"msg": "\u8bf7\u6c42\u6210\u529f", "code": 0, "data": [{"name": "\u6a58\u5b50", "id": 1001}, {"name": "\u54c8\u5bc6\u74dc", "id": 1002}]}=type=<class 'str'>=
2019-08-25 15:44:26,277  - INFO - ----  检查点=通过   END     ----
2019-08-25 15:44:26,305  - WARNING - =====有模糊用例====
2019-08-25 15:44:26,312  - INFO - ----  请求接口=【保存商品名字】,aa为空,data为空,a2为空        ----
2019-08-25 15:44:26,313  - INFO - ----  请求协议=http        ----
2019-08-25 15:44:26,313  - INFO - ----  请求url=127.0.0.1:8080/api/save_shop        ----
2019-08-25 15:44:26,314  - INFO - ----  请求方法=post        ----
2019-08-25 15:44:26,315  - INFO - ----  请求参数={'aa': '', 'data': '', 'a2': ''}        ----
2019-08-25 15:44:26,315  - INFO - ----  未检测   END     ----
2019-08-25 15:44:26,342  - INFO - ----  请求接口=【保存商品名字】,aa错误的值,data错误的值,a2为空        ----
2019-08-25 15:44:26,343  - INFO - ----  请求协议=http        ----
2019-08-25 15:44:26,344  - INFO - ----  请求url=127.0.0.1:8080/api/save_shop        ----
2019-08-25 15:44:26,345  - INFO - ----  请求方法=post        ----
2019-08-25 15:44:26,346  - INFO - ----  请求参数={'aa': '926cb250-c70a-11e9-a4d8-bcee7b76a849', 'data': ['926cd95e-c70a-11e9-8dae-bcee7b76a849'], 'a2': ''}        ----
2019-08-25 15:44:26,346  - INFO - ----  未检测   END     ----
2019-08-25 15:44:26,370  - INFO - ----  请求接口=【保存商品名字】,aa删除,data删除,a2为空        ----
2019-08-25 15:44:26,371  - INFO - ----  请求协议=http        ----
2019-08-25 15:44:26,371  - INFO - ----  请求url=127.0.0.1:8080/api/save_shop        ----
2019-08-25 15:44:26,372  - INFO - ----  请求方法=post        ----
2019-08-25 15:44:26,372  - INFO - ----  请求参数={'a2': ''}        ----
2019-08-25 15:44:26,373  - INFO - ----  未检测   END     ----
2019-08-25 15:44:26,397  - INFO - ----  请求接口=【保存商品名字】,aa删除,data错误的值,a2错误的值        ----
2019-08-25 15:44:26,398  - INFO - ----  请求协议=http        ----
2019-08-25 15:44:26,399  - INFO - ----  请求url=127.0.0.1:8080/api/save_shop        ----
2019-08-25 15:44:26,399  - INFO - ----  请求方法=post        ----
2019-08-25 15:44:26,400  - INFO - ----  请求参数={'data': ['926cd95e-c70a-11e9-8dae-bcee7b76a849'], 'a2': '926cd95f-c70a-11e9-a642-bcee7b76a849'}        ----
2019-08-25 15:44:26,401  - INFO - ----  未检测   END     ----
2019-08-25 15:44:26,426  - INFO - ----  请求接口=【保存商品名字】,aa错误的值,data为空,a2错误的值        ----
2019-08-25 15:44:26,427  - INFO - ----  请求协议=http        ----
2019-08-25 15:44:26,427  - INFO - ----  请求url=127.0.0.1:8080/api/save_shop        ----
2019-08-25 15:44:26,428  - INFO - ----  请求方法=post        ----
2019-08-25 15:44:26,429  - INFO - ----  请求参数={'aa': '926cb250-c70a-11e9-a4d8-bcee7b76a849', 'data': '', 'a2': '926cd95f-c70a-11e9-a642-bcee7b76a849'}        ----
2019-08-25 15:44:26,429  - INFO - ----  未检测   END     ----
2019-08-25 15:44:26,451  - INFO - ----  请求接口=【保存商品名字】,aa为空,data删除,a2错误的值        ----
2019-08-25 15:44:26,453  - INFO - ----  请求协议=http        ----
2019-08-25 15:44:26,454  - INFO - ----  请求url=127.0.0.1:8080/api/save_shop        ----
2019-08-25 15:44:26,454  - INFO - ----  请求方法=post        ----
2019-08-25 15:44:26,455  - INFO - ----  请求参数={'aa': '', 'a2': '926cd95f-c70a-11e9-a642-bcee7b76a849'}        ----
2019-08-25 15:44:26,456  - INFO - ----  未检测   END     ----
2019-08-25 15:44:26,475  - INFO - ----  请求接口=【保存商品名字】,aa为空,data错误的值,a2删除        ----
2019-08-25 15:44:26,476  - INFO - ----  请求协议=http        ----
2019-08-25 15:44:26,476  - INFO - ----  请求url=127.0.0.1:8080/api/save_shop        ----
2019-08-25 15:44:26,477  - INFO - ----  请求方法=post        ----
2019-08-25 15:44:26,477  - INFO - ----  请求参数={'aa': '', 'data': ['926cd95e-c70a-11e9-8dae-bcee7b76a849']}        ----
2019-08-25 15:44:26,478  - INFO - ----  未检测   END     ----
2019-08-25 15:44:26,502  - INFO - ----  请求接口=【保存商品名字】,aa错误的值,data删除,a2删除        ----
2019-08-25 15:44:26,503  - INFO - ----  请求协议=http        ----
2019-08-25 15:44:26,503  - INFO - ----  请求url=127.0.0.1:8080/api/save_shop        ----
2019-08-25 15:44:26,504  - INFO - ----  请求方法=post        ----
2019-08-25 15:44:26,504  - INFO - ----  请求参数={'aa': '926cb250-c70a-11e9-a4d8-bcee7b76a849'}        ----
2019-08-25 15:44:26,505  - INFO - ----  未检测   END     ----
2019-08-25 15:44:26,527  - INFO - ----  请求接口=【保存商品名字】,aa删除,data为空,a2删除        ----
2019-08-25 15:44:26,528  - INFO - ----  请求协议=http        ----
2019-08-25 15:44:26,528  - INFO - ----  请求url=127.0.0.1:8080/api/save_shop        ----
2019-08-25 15:44:26,529  - INFO - ----  请求方法=post        ----
2019-08-25 15:44:26,530  - INFO - ----  请求参数={'data': ''}        ----
2019-08-25 15:44:26,530  - INFO - ----  未检测   END     ----
2019-08-25 15:44:26,553  - INFO - ----  请求接口=保存商品名字        ----
2019-08-25 15:44:26,553  - INFO - ----  请求协议=http        ----
2019-08-25 15:44:26,554  - INFO - ----  请求url=127.0.0.1:8080/api/save_shop        ----
2019-08-25 15:44:26,555  - INFO - ----  请求方法=post        ----
2019-08-25 15:44:26,555  - INFO - ----  请求参数={"data":[{"a3": "a31"}],"aa": "cc", "a2": "c2"}        ----
2019-08-25 15:44:26,556  - WARNING - ===value={"msg": "\u4fdd\u5b58\u6210\u529f", "code": 0}=type=<class 'str'>=
2019-08-25 15:44:26,556  - INFO - ----  检查点=失败   END     ----
2019-08-25 15:44:26,585  - WARNING - 创建文件成功
2019-08-25 15:44:26,663  - WARNING - ===run={'code': 0, 'msg': '测试完成'}==
2019-08-25 15:44:26,666  - INFO - Task api.base.BaseViewTask.task_run[00479fca-1879-4abb-8412-59e77b256f9b] succeeded in 11.09099999999944s: True
