2019-02-07 14:55:10,964  - INFO - ----  请求接口=得到个人信息        ----
2019-02-07 14:55:10,964  - INFO - ----  请求协议=http        ----
2019-02-07 14:55:10,964  - INFO - ----  请求url=127.0.0.1:8080/api/get_shop_list        ----
2019-02-07 14:55:10,964  - INFO - ----  请求方法=get        ----
2019-02-07 14:55:10,964  - INFO - ----  请求参数={"code": 1, "a":"2"}        ----
2019-02-07 14:55:10,965  - INFO - ----  检查点=通过   END     ----
2019-02-07 14:55:10,991  - INFO - ----  请求接口=获取天气列表        ----
2019-02-07 14:55:10,991  - INFO - ----  请求协议=http        ----
2019-02-07 14:55:10,991  - INFO - ----  请求url=127.0.0.1:8080/api/save_shop        ----
2019-02-07 14:55:10,992  - INFO - ----  请求方法=post        ----
2019-02-07 14:55:10,992  - INFO - ----  请求参数={"data":[{"a3": "a31"}],"aa": "cc", "a2": "c2"}        ----
2019-02-07 14:55:10,992  - INFO - ----  检查点=失败   END     ----
2019-02-07 14:55:11,018  - INFO - ----  请求接口=获取商品列表        ----
2019-02-07 14:55:11,019  - INFO - ----  请求协议=http        ----
2019-02-07 14:55:11,019  - INFO - ----  请求url=127.0.0.1:8080/api/get_shop_list        ----
2019-02-07 14:55:11,019  - INFO - ----  请求方法=get        ----
2019-02-07 14:55:11,019  - INFO - ----  请求参数={"code": 1, "a":"2"}        ----
2019-02-07 14:55:11,020  - INFO - ----  检查点=通过   END     ----
2019-02-07 14:55:11,048  - INFO - ----  请求接口=【保存商品名字】a2参数错误,data删除参数,aa参数错误,        ----
2019-02-07 14:55:11,048  - INFO - ----  请求协议=http        ----
2019-02-07 14:55:11,048  - INFO - ----  请求url=127.0.0.1:8080/api/save_shop        ----
2019-02-07 14:55:11,049  - INFO - ----  请求方法=post        ----
2019-02-07 14:55:11,049  - INFO - ----  请求参数={'a2': 'c4d8f92e-1152-11e9-8119-bcee7b76a849', 'aa': 'c60a78c8-1152-11e9-acea-bcee7b76a849'}        ----
2019-02-07 14:55:11,049  - INFO - ----  未检测   END     ----
2019-02-07 14:55:11,082  - INFO - ----  请求接口=【保存商品名字】a2参数错误,data参数错误,aa删除参数,        ----
2019-02-07 14:55:11,083  - INFO - ----  请求协议=http        ----
2019-02-07 14:55:11,085  - INFO - ----  请求url=127.0.0.1:8080/api/save_shop        ----
2019-02-07 14:55:11,085  - INFO - ----  请求方法=post        ----
2019-02-07 14:55:11,085  - INFO - ----  请求参数={'a2': 'c4d8f92e-1152-11e9-8119-bcee7b76a849', 'data': 'c571b8f8-1152-11e9-bd3d-bcee7b76a849'}        ----
2019-02-07 14:55:11,086  - INFO - ----  未检测   END     ----
2019-02-07 14:55:11,113  - INFO - ----  请求接口=【保存商品名字】a2删除参数,data删除参数,aa删除参数,        ----
2019-02-07 14:55:11,113  - INFO - ----  请求协议=http        ----
2019-02-07 14:55:11,113  - INFO - ----  请求url=127.0.0.1:8080/api/save_shop        ----
2019-02-07 14:55:11,114  - INFO - ----  请求方法=post        ----
2019-02-07 14:55:11,114  - INFO - ----  请求参数={}        ----
2019-02-07 14:55:11,114  - INFO - ----  未检测   END     ----
2019-02-07 14:55:11,140  - INFO - ----  请求接口=【保存商品名字】a2删除参数,data参数错误,aa参数错误,        ----
2019-02-07 14:55:11,140  - INFO - ----  请求协议=http        ----
2019-02-07 14:55:11,141  - INFO - ----  请求url=127.0.0.1:8080/api/save_shop        ----
2019-02-07 14:55:11,141  - INFO - ----  请求方法=post        ----
2019-02-07 14:55:11,141  - INFO - ----  请求参数={'aa': 'c60a78c8-1152-11e9-acea-bcee7b76a849', 'data': 'c571b8f8-1152-11e9-bd3d-bcee7b76a849'}        ----
2019-02-07 14:55:11,141  - INFO - ----  未检测   END     ----
2019-02-07 14:55:11,171  - INFO - ----  请求接口=保存商品名字        ----
2019-02-07 14:55:11,171  - INFO - ----  请求协议=http        ----
2019-02-07 14:55:11,171  - INFO - ----  请求url=127.0.0.1:8080/api/save_shop        ----
2019-02-07 14:55:11,171  - INFO - ----  请求方法=post        ----
2019-02-07 14:55:11,171  - INFO - ----  请求参数={"data":[{"a3": "a31"}],"aa": "cc", "a2": "c2"}        ----
2019-02-07 14:55:11,172  - INFO - ----  检查点=失败   END     ----
