2019-04-07 13:10:08,791  - INFO - ----  请求接口=得到个人信息        ----
2019-04-07 13:10:08,792  - INFO - ----  请求协议=http        ----
2019-04-07 13:10:08,793  - INFO - ----  请求url=127.0.0.1:8080/api/get_shop_list        ----
2019-04-07 13:10:08,794  - INFO - ----  请求方法=get        ----
2019-04-07 13:10:08,795  - INFO - ----  请求参数={"code": 1, "a":"2"}        ----
2019-04-07 13:10:08,796  - WARNING - ===value={"data": [{"name": "\u6a58\u5b50", "id": 1001}, {"name": "\u54c8\u5bc6\u74dc", "id": 1002}], "msg": "\u8bf7\u6c42\u6210\u529f", "code": 0}=type=<class 'str'>=
2019-04-07 13:10:08,796  - INFO - ----  检查点=通过   END     ----
2019-04-07 13:10:08,830  - INFO - ----  请求接口=获取天气列表        ----
2019-04-07 13:10:08,832  - INFO - ----  请求协议=http        ----
2019-04-07 13:10:08,833  - INFO - ----  请求url=127.0.0.1:8080/api/save_shop        ----
2019-04-07 13:10:08,834  - INFO - ----  请求方法=post        ----
2019-04-07 13:10:08,835  - INFO - ----  请求参数={"data":[{"a3": "a31"}],"aa": "cc", "a2": "c2"}        ----
2019-04-07 13:10:08,836  - WARNING - ===value={"msg": "\u4fdd\u5b58\u6210\u529f", "code": 0}=type=<class 'str'>=
2019-04-07 13:10:08,837  - INFO - ----  检查点=失败   END     ----
2019-04-07 13:10:08,881  - INFO - ----  请求接口=获取商品列表        ----
2019-04-07 13:10:08,898  - INFO - ----  请求协议=http        ----
2019-04-07 13:10:08,899  - INFO - ----  请求url=127.0.0.1:8080/api/get_shop_list        ----
2019-04-07 13:10:08,901  - INFO - ----  请求方法=get        ----
2019-04-07 13:10:08,903  - INFO - ----  请求参数={"code": 1, "a":"2"}        ----
2019-04-07 13:10:08,905  - WARNING - ===value={"data": [{"name": "\u6a58\u5b50", "id": 1001}, {"name": "\u54c8\u5bc6\u74dc", "id": 1002}], "msg": "\u8bf7\u6c42\u6210\u529f", "code": 0}=type=<class 'str'>=
2019-04-07 13:10:08,906  - INFO - ----  检查点=通过   END     ----
2019-04-07 13:10:08,936  - WARNING - =====有模糊用例====
2019-04-07 13:10:08,949  - INFO - ----  请求接口=【保存商品名字】a2参数错误,data删除参数,aa参数错误,        ----
2019-04-07 13:10:08,950  - INFO - ----  请求协议=http        ----
2019-04-07 13:10:08,950  - INFO - ----  请求url=127.0.0.1:8080/api/save_shop        ----
2019-04-07 13:10:08,951  - INFO - ----  请求方法=post        ----
2019-04-07 13:10:08,952  - INFO - ----  请求参数={'a2': 'c4d8f92e-1152-11e9-8119-bcee7b76a849', 'aa': 'c60a78c8-1152-11e9-acea-bcee7b76a849'}        ----
2019-04-07 13:10:08,953  - INFO - ----  未检测   END     ----
2019-04-07 13:10:08,985  - INFO - ----  请求接口=【保存商品名字】a2参数错误,data参数错误,aa删除参数,        ----
2019-04-07 13:10:08,987  - INFO - ----  请求协议=http        ----
2019-04-07 13:10:08,988  - INFO - ----  请求url=127.0.0.1:8080/api/save_shop        ----
2019-04-07 13:10:08,988  - INFO - ----  请求方法=post        ----
2019-04-07 13:10:08,989  - INFO - ----  请求参数={'a2': 'c4d8f92e-1152-11e9-8119-bcee7b76a849', 'data': 'c571b8f8-1152-11e9-bd3d-bcee7b76a849'}        ----
2019-04-07 13:10:08,990  - INFO - ----  未检测   END     ----
2019-04-07 13:10:09,020  - INFO - ----  请求接口=【保存商品名字】a2删除参数,data删除参数,aa删除参数,        ----
2019-04-07 13:10:09,026  - INFO - ----  请求协议=http        ----
2019-04-07 13:10:09,027  - INFO - ----  请求url=127.0.0.1:8080/api/save_shop        ----
2019-04-07 13:10:09,029  - INFO - ----  请求方法=post        ----
2019-04-07 13:10:09,031  - INFO - ----  请求参数={}        ----
2019-04-07 13:10:09,032  - INFO - ----  未检测   END     ----
2019-04-07 13:10:09,066  - INFO - ----  请求接口=【保存商品名字】a2删除参数,data参数错误,aa参数错误,        ----
2019-04-07 13:10:09,067  - INFO - ----  请求协议=http        ----
2019-04-07 13:10:09,069  - INFO - ----  请求url=127.0.0.1:8080/api/save_shop        ----
2019-04-07 13:10:09,070  - INFO - ----  请求方法=post        ----
2019-04-07 13:10:09,071  - INFO - ----  请求参数={'aa': 'c60a78c8-1152-11e9-acea-bcee7b76a849', 'data': 'c571b8f8-1152-11e9-bd3d-bcee7b76a849'}        ----
2019-04-07 13:10:09,072  - INFO - ----  未检测   END     ----
2019-04-07 13:10:09,108  - INFO - ----  请求接口=保存商品名字        ----
2019-04-07 13:10:09,112  - INFO - ----  请求协议=http        ----
2019-04-07 13:10:09,113  - INFO - ----  请求url=127.0.0.1:8080/api/save_shop        ----
2019-04-07 13:10:09,114  - INFO - ----  请求方法=post        ----
2019-04-07 13:10:09,114  - INFO - ----  请求参数={"data":[{"a3": "a31"}],"aa": "cc", "a2": "c2"}        ----
2019-04-07 13:10:09,115  - WARNING - ===value={"msg": "\u4fdd\u5b58\u6210\u529f", "code": 0}=type=<class 'str'>=
2019-04-07 13:10:09,116  - INFO - ----  检查点=失败   END     ----
2019-04-07 13:10:09,178  - WARNING - 创建文件成功
2019-04-07 13:10:09,344  - WARNING - ===run={'msg': '测试完成', 'code': 0}==
2019-04-07 13:10:09,359  - INFO - Task api.tasks.task_run[4e097337-59e1-43f0-ba6c-972e5bcfdadd] succeeded in 10.700999999999112s: True
2019-04-07 13:12:57,120  - INFO - Received task: api.tasks.task_run[284c10f1-ace8-46b2-abc2-952be70fad8d]  
2019-04-07 13:12:57,145  - WARNING - =======1111================
2019-04-07 13:13:07,148  - WARNING - ==========22222=============
2019-04-07 13:13:07,238  - INFO - ----  请求接口=得到个人信息        ----
2019-04-07 13:13:07,243  - INFO - ----  请求协议=http        ----
2019-04-07 13:13:07,244  - INFO - ----  请求url=127.0.0.1:8080/api/get_shop_list        ----
2019-04-07 13:13:07,245  - INFO - ----  请求方法=get        ----
2019-04-07 13:13:07,246  - INFO - ----  请求参数={"code": 1, "a":"2"}        ----
2019-04-07 13:13:07,246  - WARNING - ===value={"data": [{"name": "\u6a58\u5b50", "id": 1001}, {"name": "\u54c8\u5bc6\u74dc", "id": 1002}], "msg": "\u8bf7\u6c42\u6210\u529f", "code": 0}=type=<class 'str'>=
2019-04-07 13:13:07,248  - INFO - ----  检查点=通过   END     ----
2019-04-07 13:13:07,284  - INFO - ----  请求接口=获取天气列表        ----
2019-04-07 13:13:07,285  - INFO - ----  请求协议=http        ----
2019-04-07 13:13:07,286  - INFO - ----  请求url=127.0.0.1:8080/api/save_shop        ----
2019-04-07 13:13:07,291  - INFO - ----  请求方法=post        ----
2019-04-07 13:13:07,291  - INFO - ----  请求参数={"data":[{"a3": "a31"}],"aa": "cc", "a2": "c2"}        ----
2019-04-07 13:13:07,292  - WARNING - ===value={"msg": "\u4fdd\u5b58\u6210\u529f", "code": 0}=type=<class 'str'>=
2019-04-07 13:13:07,293  - INFO - ----  检查点=失败   END     ----
2019-04-07 13:13:07,330  - INFO - ----  请求接口=获取商品列表        ----
2019-04-07 13:13:07,333  - INFO - ----  请求协议=http        ----
2019-04-07 13:13:07,335  - INFO - ----  请求url=127.0.0.1:8080/api/get_shop_list        ----
2019-04-07 13:13:07,336  - INFO - ----  请求方法=get        ----
2019-04-07 13:13:07,337  - INFO - ----  请求参数={"code": 1, "a":"2"}        ----
2019-04-07 13:13:07,338  - WARNING - ===value={"data": [{"name": "\u6a58\u5b50", "id": 1001}, {"name": "\u54c8\u5bc6\u74dc", "id": 1002}], "msg": "\u8bf7\u6c42\u6210\u529f", "code": 0}=type=<class 'str'>=
2019-04-07 13:13:07,339  - INFO - ----  检查点=通过   END     ----
2019-04-07 13:13:07,361  - WARNING - =====有模糊用例====
2019-04-07 13:13:07,371  - INFO - ----  请求接口=【保存商品名字】a2参数错误,data删除参数,aa参数错误,        ----
2019-04-07 13:13:07,372  - INFO - ----  请求协议=http        ----
2019-04-07 13:13:07,373  - INFO - ----  请求url=127.0.0.1:8080/api/save_shop        ----
2019-04-07 13:13:07,373  - INFO - ----  请求方法=post        ----
2019-04-07 13:13:07,378  - INFO - ----  请求参数={'a2': 'c4d8f92e-1152-11e9-8119-bcee7b76a849', 'aa': 'c60a78c8-1152-11e9-acea-bcee7b76a849'}        ----
2019-04-07 13:13:07,379  - INFO - ----  未检测   END     ----
2019-04-07 13:13:07,413  - INFO - ----  请求接口=【保存商品名字】a2参数错误,data参数错误,aa删除参数,        ----
2019-04-07 13:13:07,415  - INFO - ----  请求协议=http        ----
2019-04-07 13:13:07,421  - INFO - ----  请求url=127.0.0.1:8080/api/save_shop        ----
2019-04-07 13:13:07,422  - INFO - ----  请求方法=post        ----
2019-04-07 13:13:07,423  - INFO - ----  请求参数={'a2': 'c4d8f92e-1152-11e9-8119-bcee7b76a849', 'data': 'c571b8f8-1152-11e9-bd3d-bcee7b76a849'}        ----
2019-04-07 13:13:07,425  - INFO - ----  未检测   END     ----
2019-04-07 13:13:07,465  - INFO - ----  请求接口=【保存商品名字】a2删除参数,data删除参数,aa删除参数,        ----
2019-04-07 13:13:07,471  - INFO - ----  请求协议=http        ----
2019-04-07 13:13:07,472  - INFO - ----  请求url=127.0.0.1:8080/api/save_shop        ----
2019-04-07 13:13:07,473  - INFO - ----  请求方法=post        ----
2019-04-07 13:13:07,474  - INFO - ----  请求参数={}        ----
2019-04-07 13:13:07,484  - INFO - ----  未检测   END     ----
2019-04-07 13:13:07,511  - INFO - ----  请求接口=【保存商品名字】a2删除参数,data参数错误,aa参数错误,        ----
2019-04-07 13:13:07,517  - INFO - ----  请求协议=http        ----
2019-04-07 13:13:07,518  - INFO - ----  请求url=127.0.0.1:8080/api/save_shop        ----
2019-04-07 13:13:07,518  - INFO - ----  请求方法=post        ----
2019-04-07 13:13:07,519  - INFO - ----  请求参数={'aa': 'c60a78c8-1152-11e9-acea-bcee7b76a849', 'data': 'c571b8f8-1152-11e9-bd3d-bcee7b76a849'}        ----
2019-04-07 13:13:07,520  - INFO - ----  未检测   END     ----
2019-04-07 13:13:07,553  - INFO - ----  请求接口=保存商品名字        ----
2019-04-07 13:13:07,556  - INFO - ----  请求协议=http        ----
2019-04-07 13:13:07,561  - INFO - ----  请求url=127.0.0.1:8080/api/save_shop        ----
2019-04-07 13:13:07,563  - INFO - ----  请求方法=post        ----
2019-04-07 13:13:07,567  - INFO - ----  请求参数={"data":[{"a3": "a31"}],"aa": "cc", "a2": "c2"}        ----
2019-04-07 13:13:07,569  - WARNING - ===value={"msg": "\u4fdd\u5b58\u6210\u529f", "code": 0}=type=<class 'str'>=
2019-04-07 13:13:07,570  - INFO - ----  检查点=失败   END     ----
2019-04-07 13:13:07,633  - WARNING - 创建文件成功
2019-04-07 13:13:07,814  - WARNING - ===run={'msg': '测试完成', 'code': 0}==
2019-04-07 13:13:07,818  - INFO - Task api.tasks.task_run[284c10f1-ace8-46b2-abc2-952be70fad8d] succeeded in 10.670000000000073s: True
2019-04-07 13:13:57,010  - INFO - Received task: api.tasks.task_run[e4404212-b0e4-496d-9f3e-4d302bdc9662]  
2019-04-07 13:13:57,013  - WARNING - =======1111================
2019-04-07 13:14:07,017  - WARNING - ==========22222=============
2019-04-07 13:14:07,120  - INFO - ----  请求接口=得到个人信息        ----
2019-04-07 13:14:07,130  - INFO - ----  请求协议=http        ----
2019-04-07 13:14:07,143  - INFO - ----  请求url=127.0.0.1:8080/api/get_shop_list        ----
2019-04-07 13:14:07,144  - INFO - ----  请求方法=get        ----
2019-04-07 13:14:07,145  - INFO - ----  请求参数={"code": 1, "a":"2"}        ----
2019-04-07 13:14:07,146  - WARNING - ===value={"data": [{"name": "\u6a58\u5b50", "id": 1001}, {"name": "\u54c8\u5bc6\u74dc", "id": 1002}], "msg": "\u8bf7\u6c42\u6210\u529f", "code": 0}=type=<class 'str'>=
2019-04-07 13:14:07,147  - INFO - ----  检查点=通过   END     ----
2019-04-07 13:14:07,182  - INFO - ----  请求接口=获取天气列表        ----
2019-04-07 13:14:07,184  - INFO - ----  请求协议=http        ----
2019-04-07 13:14:07,184  - INFO - ----  请求url=127.0.0.1:8080/api/save_shop        ----
2019-04-07 13:14:07,190  - INFO - ----  请求方法=post        ----
2019-04-07 13:14:07,191  - INFO - ----  请求参数={"data":[{"a3": "a31"}],"aa": "cc", "a2": "c2"}        ----
2019-04-07 13:14:07,192  - WARNING - ===value={"msg": "\u4fdd\u5b58\u6210\u529f", "code": 0}=type=<class 'str'>=
2019-04-07 13:14:07,194  - INFO - ----  检查点=失败   END     ----
2019-04-07 13:14:07,236  - INFO - ----  请求接口=获取商品列表        ----
2019-04-07 13:14:07,241  - INFO - ----  请求协议=http        ----
2019-04-07 13:14:07,242  - INFO - ----  请求url=127.0.0.1:8080/api/get_shop_list        ----
2019-04-07 13:14:07,244  - INFO - ----  请求方法=get        ----
2019-04-07 13:14:07,244  - INFO - ----  请求参数={"code": 1, "a":"2"}        ----
2019-04-07 13:14:07,245  - WARNING - ===value={"data": [{"name": "\u6a58\u5b50", "id": 1001}, {"name": "\u54c8\u5bc6\u74dc", "id": 1002}], "msg": "\u8bf7\u6c42\u6210\u529f", "code": 0}=type=<class 'str'>=
2019-04-07 13:14:07,246  - INFO - ----  检查点=通过   END     ----
2019-04-07 13:14:07,272  - WARNING - =====有模糊用例====
2019-04-07 13:14:07,288  - INFO - ----  请求接口=【保存商品名字】a2参数错误,data删除参数,aa参数错误,        ----
2019-04-07 13:14:07,294  - INFO - ----  请求协议=http        ----
2019-04-07 13:14:07,295  - INFO - ----  请求url=127.0.0.1:8080/api/save_shop        ----
2019-04-07 13:14:07,296  - INFO - ----  请求方法=post        ----
2019-04-07 13:14:07,297  - INFO - ----  请求参数={'a2': 'c4d8f92e-1152-11e9-8119-bcee7b76a849', 'aa': 'c60a78c8-1152-11e9-acea-bcee7b76a849'}        ----
2019-04-07 13:14:07,299  - INFO - ----  未检测   END     ----
2019-04-07 13:14:07,331  - INFO - ----  请求接口=【保存商品名字】a2参数错误,data参数错误,aa删除参数,        ----
2019-04-07 13:14:07,334  - INFO - ----  请求协议=http        ----
2019-04-07 13:14:07,339  - INFO - ----  请求url=127.0.0.1:8080/api/save_shop        ----
2019-04-07 13:14:07,340  - INFO - ----  请求方法=post        ----
2019-04-07 13:14:07,341  - INFO - ----  请求参数={'a2': 'c4d8f92e-1152-11e9-8119-bcee7b76a849', 'data': 'c571b8f8-1152-11e9-bd3d-bcee7b76a849'}        ----
2019-04-07 13:14:07,342  - INFO - ----  未检测   END     ----
2019-04-07 13:14:07,376  - INFO - ----  请求接口=【保存商品名字】a2删除参数,data删除参数,aa删除参数,        ----
2019-04-07 13:14:07,378  - INFO - ----  请求协议=http        ----
2019-04-07 13:14:07,379  - INFO - ----  请求url=127.0.0.1:8080/api/save_shop        ----
2019-04-07 13:14:07,384  - INFO - ----  请求方法=post        ----
2019-04-07 13:14:07,384  - INFO - ----  请求参数={}        ----
2019-04-07 13:14:07,385  - INFO - ----  未检测   END     ----
2019-04-07 13:14:07,414  - INFO - ----  请求接口=【保存商品名字】a2删除参数,data参数错误,aa参数错误,        ----
2019-04-07 13:14:07,415  - INFO - ----  请求协议=http        ----
2019-04-07 13:14:07,417  - INFO - ----  请求url=127.0.0.1:8080/api/save_shop        ----
2019-04-07 13:14:07,418  - INFO - ----  请求方法=post        ----
2019-04-07 13:14:07,419  - INFO - ----  请求参数={'aa': 'c60a78c8-1152-11e9-acea-bcee7b76a849', 'data': 'c571b8f8-1152-11e9-bd3d-bcee7b76a849'}        ----
2019-04-07 13:14:07,420  - INFO - ----  未检测   END     ----
2019-04-07 13:14:07,452  - INFO - ----  请求接口=保存商品名字        ----
2019-04-07 13:14:07,453  - INFO - ----  请求协议=http        ----
2019-04-07 13:14:07,458  - INFO - ----  请求url=127.0.0.1:8080/api/save_shop        ----
2019-04-07 13:14:07,459  - INFO - ----  请求方法=post        ----
2019-04-07 13:14:07,460  - INFO - ----  请求参数={"data":[{"a3": "a31"}],"aa": "cc", "a2": "c2"}        ----
2019-04-07 13:14:07,461  - WARNING - ===value={"msg": "\u4fdd\u5b58\u6210\u529f", "code": 0}=type=<class 'str'>=
2019-04-07 13:14:07,462  - INFO - ----  检查点=失败   END     ----
2019-04-07 13:14:07,519  - WARNING - 创建文件成功
2019-04-07 13:14:07,660  - WARNING - ===run={'msg': '测试完成', 'code': 0}==
2019-04-07 13:14:07,668  - INFO - Task api.tasks.task_run[e4404212-b0e4-496d-9f3e-4d302bdc9662] succeeded in 10.655000000000655s: True
