2019-04-07 13:03:02,494  - INFO - ----  请求接口=得到个人信息        ----
2019-04-07 13:03:02,498  - INFO - ----  请求协议=http        ----
2019-04-07 13:03:02,499  - INFO - ----  请求url=127.0.0.1:8080/api/get_shop_list        ----
2019-04-07 13:03:02,500  - INFO - ----  请求方法=get        ----
2019-04-07 13:03:02,500  - INFO - ----  请求参数={"code": 1, "a":"2"}        ----
2019-04-07 13:03:02,500  - WARNING - ===value={"data": [{"name": "\u6a58\u5b50", "id": 1001}, {"name": "\u54c8\u5bc6\u74dc", "id": 1002}], "msg": "\u8bf7\u6c42\u6210\u529f", "code": 0}=type=<class 'str'>=
2019-04-07 13:03:02,502  - INFO - ----  检查点=通过   END     ----
2019-04-07 13:03:02,540  - INFO - ----  请求接口=获取天气列表        ----
2019-04-07 13:03:02,555  - INFO - ----  请求协议=http        ----
2019-04-07 13:03:02,556  - INFO - ----  请求url=127.0.0.1:8080/api/save_shop        ----
2019-04-07 13:03:02,556  - INFO - ----  请求方法=post        ----
2019-04-07 13:03:02,560  - INFO - ----  请求参数={"data":[{"a3": "a31"}],"aa": "cc", "a2": "c2"}        ----
2019-04-07 13:03:02,570  - WARNING - ===value={"msg": "\u4fdd\u5b58\u6210\u529f", "code": 0}=type=<class 'str'>=
2019-04-07 13:03:02,576  - INFO - ----  检查点=失败   END     ----
2019-04-07 13:03:02,627  - INFO - ----  请求接口=获取商品列表        ----
2019-04-07 13:03:02,673  - INFO - ----  请求协议=http        ----
2019-04-07 13:03:02,673  - INFO - ----  请求url=127.0.0.1:8080/api/get_shop_list        ----
2019-04-07 13:03:02,674  - INFO - ----  请求方法=get        ----
2019-04-07 13:03:02,676  - INFO - ----  请求参数={"code": 1, "a":"2"}        ----
2019-04-07 13:03:02,676  - WARNING - ===value={"data": [{"name": "\u6a58\u5b50", "id": 1001}, {"name": "\u54c8\u5bc6\u74dc", "id": 1002}], "msg": "\u8bf7\u6c42\u6210\u529f", "code": 0}=type=<class 'str'>=
2019-04-07 13:03:02,677  - INFO - ----  检查点=通过   END     ----
2019-04-07 13:03:02,701  - WARNING - =====有模糊用例====
2019-04-07 13:03:02,724  - INFO - ----  请求接口=【保存商品名字】a2参数错误,data删除参数,aa参数错误,        ----
2019-04-07 13:03:02,724  - INFO - ----  请求协议=http        ----
2019-04-07 13:03:02,725  - INFO - ----  请求url=127.0.0.1:8080/api/save_shop        ----
2019-04-07 13:03:02,729  - INFO - ----  请求方法=post        ----
2019-04-07 13:03:02,729  - INFO - ----  请求参数={'a2': 'c4d8f92e-1152-11e9-8119-bcee7b76a849', 'aa': 'c60a78c8-1152-11e9-acea-bcee7b76a849'}        ----
2019-04-07 13:03:02,730  - INFO - ----  未检测   END     ----
2019-04-07 13:03:02,760  - INFO - ----  请求接口=【保存商品名字】a2参数错误,data参数错误,aa删除参数,        ----
2019-04-07 13:03:02,764  - INFO - ----  请求协议=http        ----
2019-04-07 13:03:02,764  - INFO - ----  请求url=127.0.0.1:8080/api/save_shop        ----
2019-04-07 13:03:02,765  - INFO - ----  请求方法=post        ----
2019-04-07 13:03:02,765  - INFO - ----  请求参数={'a2': 'c4d8f92e-1152-11e9-8119-bcee7b76a849', 'data': 'c571b8f8-1152-11e9-bd3d-bcee7b76a849'}        ----
2019-04-07 13:03:02,766  - INFO - ----  未检测   END     ----
2019-04-07 13:03:02,796  - INFO - ----  请求接口=【保存商品名字】a2删除参数,data删除参数,aa删除参数,        ----
2019-04-07 13:03:02,798  - INFO - ----  请求协议=http        ----
2019-04-07 13:03:02,799  - INFO - ----  请求url=127.0.0.1:8080/api/save_shop        ----
2019-04-07 13:03:02,807  - INFO - ----  请求方法=post        ----
2019-04-07 13:03:02,808  - INFO - ----  请求参数={}        ----
2019-04-07 13:03:02,808  - INFO - ----  未检测   END     ----
2019-04-07 13:03:02,838  - INFO - ----  请求接口=【保存商品名字】a2删除参数,data参数错误,aa参数错误,        ----
2019-04-07 13:03:02,838  - INFO - ----  请求协议=http        ----
2019-04-07 13:03:02,840  - INFO - ----  请求url=127.0.0.1:8080/api/save_shop        ----
2019-04-07 13:03:02,841  - INFO - ----  请求方法=post        ----
2019-04-07 13:03:02,842  - INFO - ----  请求参数={'aa': 'c60a78c8-1152-11e9-acea-bcee7b76a849', 'data': 'c571b8f8-1152-11e9-bd3d-bcee7b76a849'}        ----
2019-04-07 13:03:02,842  - INFO - ----  未检测   END     ----
2019-04-07 13:03:02,888  - INFO - ----  请求接口=保存商品名字        ----
2019-04-07 13:03:02,888  - INFO - ----  请求协议=http        ----
2019-04-07 13:03:02,890  - INFO - ----  请求url=127.0.0.1:8080/api/save_shop        ----
2019-04-07 13:03:02,891  - INFO - ----  请求方法=post        ----
2019-04-07 13:03:02,891  - INFO - ----  请求参数={"data":[{"a3": "a31"}],"aa": "cc", "a2": "c2"}        ----
2019-04-07 13:03:02,892  - WARNING - ===value={"msg": "\u4fdd\u5b58\u6210\u529f", "code": 0}=type=<class 'str'>=
2019-04-07 13:03:02,893  - INFO - ----  检查点=失败   END     ----
2019-04-07 13:03:02,964  - WARNING - 创建文件成功
2019-04-07 13:03:03,135  - WARNING - ===run={'msg': '测试完成', 'code': 0}==
2019-04-07 13:03:03,139  - INFO - Task api.tasks.task_run[afb4584b-dcd0-451f-8e82-6dce3b1b2bd6] succeeded in 10.748999999999796s: True
2019-04-07 13:05:10,707  - INFO - Received task: api.tasks.task_run[83762ea5-db1f-439b-817f-a6531400d3c4]  
2019-04-07 13:05:10,710  - WARNING - =======1111================
2019-04-07 13:05:20,715  - WARNING - ==========22222=============
2019-04-07 13:05:20,783  - INFO - ----  请求接口=得到个人信息        ----
2019-04-07 13:05:20,785  - INFO - ----  请求协议=http        ----
2019-04-07 13:05:20,798  - INFO - ----  请求url=127.0.0.1:8080/api/get_shop_list        ----
2019-04-07 13:05:20,799  - INFO - ----  请求方法=get        ----
2019-04-07 13:05:20,799  - INFO - ----  请求参数={"code": 1, "a":"2"}        ----
2019-04-07 13:05:20,800  - WARNING - ===value={"data": [{"name": "\u6a58\u5b50", "id": 1001}, {"name": "\u54c8\u5bc6\u74dc", "id": 1002}], "msg": "\u8bf7\u6c42\u6210\u529f", "code": 0}=type=<class 'str'>=
2019-04-07 13:05:20,801  - INFO - ----  检查点=通过   END     ----
2019-04-07 13:05:20,835  - INFO - ----  请求接口=获取天气列表        ----
2019-04-07 13:05:20,860  - INFO - ----  请求协议=http        ----
2019-04-07 13:05:20,861  - INFO - ----  请求url=127.0.0.1:8080/api/save_shop        ----
2019-04-07 13:05:20,861  - INFO - ----  请求方法=post        ----
2019-04-07 13:05:20,862  - INFO - ----  请求参数={"data":[{"a3": "a31"}],"aa": "cc", "a2": "c2"}        ----
2019-04-07 13:05:20,862  - WARNING - ===value={"msg": "\u4fdd\u5b58\u6210\u529f", "code": 0}=type=<class 'str'>=
2019-04-07 13:05:20,863  - INFO - ----  检查点=失败   END     ----
2019-04-07 13:05:20,911  - INFO - ----  请求接口=获取商品列表        ----
2019-04-07 13:05:20,915  - INFO - ----  请求协议=http        ----
2019-04-07 13:05:20,917  - INFO - ----  请求url=127.0.0.1:8080/api/get_shop_list        ----
2019-04-07 13:05:20,918  - INFO - ----  请求方法=get        ----
2019-04-07 13:05:20,918  - INFO - ----  请求参数={"code": 1, "a":"2"}        ----
2019-04-07 13:05:20,919  - WARNING - ===value={"data": [{"name": "\u6a58\u5b50", "id": 1001}, {"name": "\u54c8\u5bc6\u74dc", "id": 1002}], "msg": "\u8bf7\u6c42\u6210\u529f", "code": 0}=type=<class 'str'>=
2019-04-07 13:05:20,919  - INFO - ----  检查点=通过   END     ----
2019-04-07 13:05:20,939  - WARNING - =====有模糊用例====
2019-04-07 13:05:20,949  - INFO - ----  请求接口=【保存商品名字】a2参数错误,data删除参数,aa参数错误,        ----
2019-04-07 13:05:20,950  - INFO - ----  请求协议=http        ----
2019-04-07 13:05:20,965  - INFO - ----  请求url=127.0.0.1:8080/api/save_shop        ----
2019-04-07 13:05:20,966  - INFO - ----  请求方法=post        ----
2019-04-07 13:05:20,966  - INFO - ----  请求参数={'a2': 'c4d8f92e-1152-11e9-8119-bcee7b76a849', 'aa': 'c60a78c8-1152-11e9-acea-bcee7b76a849'}        ----
2019-04-07 13:05:20,967  - INFO - ----  未检测   END     ----
2019-04-07 13:05:21,001  - INFO - ----  请求接口=【保存商品名字】a2参数错误,data参数错误,aa删除参数,        ----
2019-04-07 13:05:21,004  - INFO - ----  请求协议=http        ----
2019-04-07 13:05:21,006  - INFO - ----  请求url=127.0.0.1:8080/api/save_shop        ----
2019-04-07 13:05:21,007  - INFO - ----  请求方法=post        ----
2019-04-07 13:05:21,009  - INFO - ----  请求参数={'a2': 'c4d8f92e-1152-11e9-8119-bcee7b76a849', 'data': 'c571b8f8-1152-11e9-bd3d-bcee7b76a849'}        ----
2019-04-07 13:05:21,018  - INFO - ----  未检测   END     ----
2019-04-07 13:05:21,056  - INFO - ----  请求接口=【保存商品名字】a2删除参数,data删除参数,aa删除参数,        ----
2019-04-07 13:05:21,061  - INFO - ----  请求协议=http        ----
2019-04-07 13:05:21,063  - INFO - ----  请求url=127.0.0.1:8080/api/save_shop        ----
2019-04-07 13:05:21,063  - INFO - ----  请求方法=post        ----
2019-04-07 13:05:21,064  - INFO - ----  请求参数={}        ----
2019-04-07 13:05:21,064  - INFO - ----  未检测   END     ----
2019-04-07 13:05:21,091  - INFO - ----  请求接口=【保存商品名字】a2删除参数,data参数错误,aa参数错误,        ----
2019-04-07 13:05:21,093  - INFO - ----  请求协议=http        ----
2019-04-07 13:05:21,094  - INFO - ----  请求url=127.0.0.1:8080/api/save_shop        ----
2019-04-07 13:05:21,094  - INFO - ----  请求方法=post        ----
2019-04-07 13:05:21,095  - INFO - ----  请求参数={'aa': 'c60a78c8-1152-11e9-acea-bcee7b76a849', 'data': 'c571b8f8-1152-11e9-bd3d-bcee7b76a849'}        ----
2019-04-07 13:05:21,095  - INFO - ----  未检测   END     ----
2019-04-07 13:05:21,128  - INFO - ----  请求接口=保存商品名字        ----
2019-04-07 13:05:21,129  - INFO - ----  请求协议=http        ----
2019-04-07 13:05:21,130  - INFO - ----  请求url=127.0.0.1:8080/api/save_shop        ----
2019-04-07 13:05:21,131  - INFO - ----  请求方法=post        ----
2019-04-07 13:05:21,131  - INFO - ----  请求参数={"data":[{"a3": "a31"}],"aa": "cc", "a2": "c2"}        ----
2019-04-07 13:05:21,132  - WARNING - ===value={"msg": "\u4fdd\u5b58\u6210\u529f", "code": 0}=type=<class 'str'>=
2019-04-07 13:05:21,132  - INFO - ----  检查点=失败   END     ----
2019-04-07 13:05:21,226  - WARNING - 创建文件成功
2019-04-07 13:05:21,399  - WARNING - ===run={'msg': '测试完成', 'code': 0}==
2019-04-07 13:05:21,402  - INFO - Task api.tasks.task_run[83762ea5-db1f-439b-817f-a6531400d3c4] succeeded in 10.701999999999316s: True
2019-04-07 13:07:51,369  - INFO - Received task: api.tasks.task_run[6b4c5fea-042a-4420-aae8-a2806b87c6dc]  
2019-04-07 13:07:51,370  - WARNING - =======1111================
2019-04-07 13:08:01,375  - WARNING - ==========22222=============
2019-04-07 13:08:01,436  - INFO - ----  请求接口=得到个人信息        ----
2019-04-07 13:08:01,437  - INFO - ----  请求协议=http        ----
2019-04-07 13:08:01,438  - INFO - ----  请求url=127.0.0.1:8080/api/get_shop_list        ----
2019-04-07 13:08:01,439  - INFO - ----  请求方法=get        ----
2019-04-07 13:08:01,439  - INFO - ----  请求参数={"code": 1, "a":"2"}        ----
2019-04-07 13:08:01,440  - WARNING - ===value={"data": [{"name": "\u6a58\u5b50", "id": 1001}, {"name": "\u54c8\u5bc6\u74dc", "id": 1002}], "msg": "\u8bf7\u6c42\u6210\u529f", "code": 0}=type=<class 'str'>=
2019-04-07 13:08:01,440  - INFO - ----  检查点=通过   END     ----
2019-04-07 13:08:01,472  - INFO - ----  请求接口=获取天气列表        ----
2019-04-07 13:08:01,476  - INFO - ----  请求协议=http        ----
2019-04-07 13:08:01,476  - INFO - ----  请求url=127.0.0.1:8080/api/save_shop        ----
2019-04-07 13:08:01,477  - INFO - ----  请求方法=post        ----
2019-04-07 13:08:01,478  - INFO - ----  请求参数={"data":[{"a3": "a31"}],"aa": "cc", "a2": "c2"}        ----
2019-04-07 13:08:01,478  - WARNING - ===value={"msg": "\u4fdd\u5b58\u6210\u529f", "code": 0}=type=<class 'str'>=
2019-04-07 13:08:01,479  - INFO - ----  检查点=失败   END     ----
2019-04-07 13:08:01,518  - INFO - ----  请求接口=获取商品列表        ----
2019-04-07 13:08:01,521  - INFO - ----  请求协议=http        ----
2019-04-07 13:08:01,522  - INFO - ----  请求url=127.0.0.1:8080/api/get_shop_list        ----
2019-04-07 13:08:01,523  - INFO - ----  请求方法=get        ----
2019-04-07 13:08:01,523  - INFO - ----  请求参数={"code": 1, "a":"2"}        ----
2019-04-07 13:08:01,524  - WARNING - ===value={"data": [{"name": "\u6a58\u5b50", "id": 1001}, {"name": "\u54c8\u5bc6\u74dc", "id": 1002}], "msg": "\u8bf7\u6c42\u6210\u529f", "code": 0}=type=<class 'str'>=
2019-04-07 13:08:01,525  - INFO - ----  检查点=通过   END     ----
2019-04-07 13:08:01,552  - WARNING - =====有模糊用例====
2019-04-07 13:08:01,561  - INFO - ----  请求接口=【保存商品名字】a2参数错误,data删除参数,aa参数错误,        ----
2019-04-07 13:08:01,562  - INFO - ----  请求协议=http        ----
2019-04-07 13:08:01,563  - INFO - ----  请求url=127.0.0.1:8080/api/save_shop        ----
2019-04-07 13:08:01,567  - INFO - ----  请求方法=post        ----
2019-04-07 13:08:01,567  - INFO - ----  请求参数={'a2': 'c4d8f92e-1152-11e9-8119-bcee7b76a849', 'aa': 'c60a78c8-1152-11e9-acea-bcee7b76a849'}        ----
2019-04-07 13:08:01,568  - INFO - ----  未检测   END     ----
2019-04-07 13:08:01,599  - INFO - ----  请求接口=【保存商品名字】a2参数错误,data参数错误,aa删除参数,        ----
2019-04-07 13:08:01,600  - INFO - ----  请求协议=http        ----
2019-04-07 13:08:01,604  - INFO - ----  请求url=127.0.0.1:8080/api/save_shop        ----
2019-04-07 13:08:01,608  - INFO - ----  请求方法=post        ----
2019-04-07 13:08:01,612  - INFO - ----  请求参数={'a2': 'c4d8f92e-1152-11e9-8119-bcee7b76a849', 'data': 'c571b8f8-1152-11e9-bd3d-bcee7b76a849'}        ----
2019-04-07 13:08:01,613  - INFO - ----  未检测   END     ----
2019-04-07 13:08:01,643  - INFO - ----  请求接口=【保存商品名字】a2删除参数,data删除参数,aa删除参数,        ----
2019-04-07 13:08:01,644  - INFO - ----  请求协议=http        ----
2019-04-07 13:08:01,644  - INFO - ----  请求url=127.0.0.1:8080/api/save_shop        ----
2019-04-07 13:08:01,644  - INFO - ----  请求方法=post        ----
2019-04-07 13:08:01,645  - INFO - ----  请求参数={}        ----
2019-04-07 13:08:01,645  - INFO - ----  未检测   END     ----
2019-04-07 13:08:01,675  - INFO - ----  请求接口=【保存商品名字】a2删除参数,data参数错误,aa参数错误,        ----
2019-04-07 13:08:01,691  - INFO - ----  请求协议=http        ----
2019-04-07 13:08:01,693  - INFO - ----  请求url=127.0.0.1:8080/api/save_shop        ----
2019-04-07 13:08:01,693  - INFO - ----  请求方法=post        ----
2019-04-07 13:08:01,695  - INFO - ----  请求参数={'aa': 'c60a78c8-1152-11e9-acea-bcee7b76a849', 'data': 'c571b8f8-1152-11e9-bd3d-bcee7b76a849'}        ----
2019-04-07 13:08:01,696  - INFO - ----  未检测   END     ----
2019-04-07 13:08:01,727  - INFO - ----  请求接口=保存商品名字        ----
2019-04-07 13:08:01,728  - INFO - ----  请求协议=http        ----
2019-04-07 13:08:01,729  - INFO - ----  请求url=127.0.0.1:8080/api/save_shop        ----
2019-04-07 13:08:01,731  - INFO - ----  请求方法=post        ----
2019-04-07 13:08:01,744  - INFO - ----  请求参数={"data":[{"a3": "a31"}],"aa": "cc", "a2": "c2"}        ----
2019-04-07 13:08:01,745  - WARNING - ===value={"msg": "\u4fdd\u5b58\u6210\u529f", "code": 0}=type=<class 'str'>=
2019-04-07 13:08:01,746  - INFO - ----  检查点=失败   END     ----
2019-04-07 13:08:01,804  - WARNING - 创建文件成功
2019-04-07 13:08:02,051  - WARNING - ===run={'msg': '测试完成', 'code': 0}==
2019-04-07 13:08:02,077  - INFO - Task api.tasks.task_run[6b4c5fea-042a-4420-aae8-a2806b87c6dc] succeeded in 10.702000000001135s: True
2019-04-07 13:09:06,871  - INFO - Received task: api.tasks.task_run[bad41c56-2d6c-43a5-8d05-3af03ed6f79a]  
2019-04-07 13:09:06,877  - WARNING - =======1111================
2019-04-07 13:09:16,882  - WARNING - ==========22222=============
2019-04-07 13:09:17,015  - INFO - ----  请求接口=得到个人信息        ----
2019-04-07 13:09:17,020  - INFO - ----  请求协议=http        ----
2019-04-07 13:09:17,021  - INFO - ----  请求url=127.0.0.1:8080/api/get_shop_list        ----
2019-04-07 13:09:17,023  - INFO - ----  请求方法=get        ----
2019-04-07 13:09:17,024  - INFO - ----  请求参数={"code": 1, "a":"2"}        ----
2019-04-07 13:09:17,025  - WARNING - ===value={"data": [{"name": "\u6a58\u5b50", "id": 1001}, {"name": "\u54c8\u5bc6\u74dc", "id": 1002}], "msg": "\u8bf7\u6c42\u6210\u529f", "code": 0}=type=<class 'str'>=
2019-04-07 13:09:17,026  - INFO - ----  检查点=通过   END     ----
2019-04-07 13:09:17,063  - INFO - ----  请求接口=获取天气列表        ----
2019-04-07 13:09:17,066  - INFO - ----  请求协议=http        ----
2019-04-07 13:09:17,067  - INFO - ----  请求url=127.0.0.1:8080/api/save_shop        ----
2019-04-07 13:09:17,068  - INFO - ----  请求方法=post        ----
2019-04-07 13:09:17,068  - INFO - ----  请求参数={"data":[{"a3": "a31"}],"aa": "cc", "a2": "c2"}        ----
2019-04-07 13:09:17,069  - WARNING - ===value={"msg": "\u4fdd\u5b58\u6210\u529f", "code": 0}=type=<class 'str'>=
2019-04-07 13:09:17,071  - INFO - ----  检查点=失败   END     ----
2019-04-07 13:09:17,110  - INFO - ----  请求接口=获取商品列表        ----
2019-04-07 13:09:17,117  - INFO - ----  请求协议=http        ----
2019-04-07 13:09:17,118  - INFO - ----  请求url=127.0.0.1:8080/api/get_shop_list        ----
2019-04-07 13:09:17,120  - INFO - ----  请求方法=get        ----
2019-04-07 13:09:17,121  - INFO - ----  请求参数={"code": 1, "a":"2"}        ----
2019-04-07 13:09:17,122  - WARNING - ===value={"data": [{"name": "\u6a58\u5b50", "id": 1001}, {"name": "\u54c8\u5bc6\u74dc", "id": 1002}], "msg": "\u8bf7\u6c42\u6210\u529f", "code": 0}=type=<class 'str'>=
2019-04-07 13:09:17,123  - INFO - ----  检查点=通过   END     ----
2019-04-07 13:09:17,152  - WARNING - =====有模糊用例====
2019-04-07 13:09:17,163  - INFO - ----  请求接口=【保存商品名字】a2参数错误,data删除参数,aa参数错误,        ----
2019-04-07 13:09:17,172  - INFO - ----  请求协议=http        ----
2019-04-07 13:09:17,173  - INFO - ----  请求url=127.0.0.1:8080/api/save_shop        ----
2019-04-07 13:09:17,173  - INFO - ----  请求方法=post        ----
2019-04-07 13:09:17,175  - INFO - ----  请求参数={'a2': 'c4d8f92e-1152-11e9-8119-bcee7b76a849', 'aa': 'c60a78c8-1152-11e9-acea-bcee7b76a849'}        ----
2019-04-07 13:09:17,176  - INFO - ----  未检测   END     ----
2019-04-07 13:09:17,211  - INFO - ----  请求接口=【保存商品名字】a2参数错误,data参数错误,aa删除参数,        ----
2019-04-07 13:09:17,212  - INFO - ----  请求协议=http        ----
2019-04-07 13:09:17,214  - INFO - ----  请求url=127.0.0.1:8080/api/save_shop        ----
2019-04-07 13:09:17,215  - INFO - ----  请求方法=post        ----
2019-04-07 13:09:17,216  - INFO - ----  请求参数={'a2': 'c4d8f92e-1152-11e9-8119-bcee7b76a849', 'data': 'c571b8f8-1152-11e9-bd3d-bcee7b76a849'}        ----
2019-04-07 13:09:17,217  - INFO - ----  未检测   END     ----
2019-04-07 13:09:17,246  - INFO - ----  请求接口=【保存商品名字】a2删除参数,data删除参数,aa删除参数,        ----
2019-04-07 13:09:17,247  - INFO - ----  请求协议=http        ----
2019-04-07 13:09:17,247  - INFO - ----  请求url=127.0.0.1:8080/api/save_shop        ----
2019-04-07 13:09:17,249  - INFO - ----  请求方法=post        ----
2019-04-07 13:09:17,251  - INFO - ----  请求参数={}        ----
2019-04-07 13:09:17,252  - INFO - ----  未检测   END     ----
2019-04-07 13:09:17,290  - INFO - ----  请求接口=【保存商品名字】a2删除参数,data参数错误,aa参数错误,        ----
2019-04-07 13:09:17,294  - INFO - ----  请求协议=http        ----
2019-04-07 13:09:17,294  - INFO - ----  请求url=127.0.0.1:8080/api/save_shop        ----
2019-04-07 13:09:17,301  - INFO - ----  请求方法=post        ----
2019-04-07 13:09:17,302  - INFO - ----  请求参数={'aa': 'c60a78c8-1152-11e9-acea-bcee7b76a849', 'data': 'c571b8f8-1152-11e9-bd3d-bcee7b76a849'}        ----
2019-04-07 13:09:17,303  - INFO - ----  未检测   END     ----
2019-04-07 13:09:17,338  - INFO - ----  请求接口=保存商品名字        ----
2019-04-07 13:09:17,339  - INFO - ----  请求协议=http        ----
2019-04-07 13:09:17,339  - INFO - ----  请求url=127.0.0.1:8080/api/save_shop        ----
2019-04-07 13:09:17,371  - INFO - ----  请求方法=post        ----
2019-04-07 13:09:17,372  - INFO - ----  请求参数={"data":[{"a3": "a31"}],"aa": "cc", "a2": "c2"}        ----
2019-04-07 13:09:17,372  - WARNING - ===value={"msg": "\u4fdd\u5b58\u6210\u529f", "code": 0}=type=<class 'str'>=
2019-04-07 13:09:17,373  - INFO - ----  检查点=失败   END     ----
2019-04-07 13:09:17,428  - WARNING - 创建文件成功
2019-04-07 13:09:17,564  - WARNING - ===run={'msg': '测试完成', 'code': 0}==
2019-04-07 13:09:17,567  - INFO - Task api.tasks.task_run[bad41c56-2d6c-43a5-8d05-3af03ed6f79a] succeeded in 10.700999999999112s: True
2019-04-07 13:09:58,650  - INFO - Received task: api.tasks.task_run[4e097337-59e1-43f0-ba6c-972e5bcfdadd]  
2019-04-07 13:09:58,651  - WARNING - =======1111================
2019-04-07 13:10:08,656  - WARNING - ==========22222=============
2019-04-07 13:10:08,791  - INFO - ----  请求接口=得到个人信息        ----
2019-04-07 13:10:08,792  - INFO - ----  请求协议=http        ----
2019-04-07 13:10:08,793  - INFO - ----  请求url=127.0.0.1:8080/api/get_shop_list        ----
2019-04-07 13:10:08,794  - INFO - ----  请求方法=get        ----
2019-04-07 13:10:08,795  - INFO - ----  请求参数={"code": 1, "a":"2"}        ----
2019-04-07 13:10:08,796  - WARNING - ===value={"data": [{"name": "\u6a58\u5b50", "id": 1001}, {"name": "\u54c8\u5bc6\u74dc", "id": 1002}], "msg": "\u8bf7\u6c42\u6210\u529f", "code": 0}=type=<class 'str'>=
2019-04-07 13:10:08,796  - INFO - ----  检查点=通过   END     ----
2019-04-07 13:10:08,830  - INFO - ----  请求接口=获取天气列表        ----
2019-04-07 13:10:08,832  - INFO - ----  请求协议=http        ----
2019-04-07 13:10:08,833  - INFO - ----  请求url=127.0.0.1:8080/api/save_shop        ----
2019-04-07 13:10:08,834  - INFO - ----  请求方法=post        ----
2019-04-07 13:10:08,835  - INFO - ----  请求参数={"data":[{"a3": "a31"}],"aa": "cc", "a2": "c2"}        ----
2019-04-07 13:10:08,836  - WARNING - ===value={"msg": "\u4fdd\u5b58\u6210\u529f", "code": 0}=type=<class 'str'>=
2019-04-07 13:10:08,837  - INFO - ----  检查点=失败   END     ----
2019-04-07 13:10:08,881  - INFO - ----  请求接口=获取商品列表        ----
2019-04-07 13:10:08,898  - INFO - ----  请求协议=http        ----
2019-04-07 13:10:08,899  - INFO - ----  请求url=127.0.0.1:8080/api/get_shop_list        ----
2019-04-07 13:10:08,901  - INFO - ----  请求方法=get        ----
2019-04-07 13:10:08,903  - INFO - ----  请求参数={"code": 1, "a":"2"}        ----
2019-04-07 13:10:08,905  - WARNING - ===value={"data": [{"name": "\u6a58\u5b50", "id": 1001}, {"name": "\u54c8\u5bc6\u74dc", "id": 1002}], "msg": "\u8bf7\u6c42\u6210\u529f", "code": 0}=type=<class 'str'>=
2019-04-07 13:10:08,906  - INFO - ----  检查点=通过   END     ----
2019-04-07 13:10:08,936  - WARNING - =====有模糊用例====
2019-04-07 13:10:08,949  - INFO - ----  请求接口=【保存商品名字】a2参数错误,data删除参数,aa参数错误,        ----
2019-04-07 13:10:08,950  - INFO - ----  请求协议=http        ----
2019-04-07 13:10:08,950  - INFO - ----  请求url=127.0.0.1:8080/api/save_shop        ----
2019-04-07 13:10:08,951  - INFO - ----  请求方法=post        ----
2019-04-07 13:10:08,952  - INFO - ----  请求参数={'a2': 'c4d8f92e-1152-11e9-8119-bcee7b76a849', 'aa': 'c60a78c8-1152-11e9-acea-bcee7b76a849'}        ----
2019-04-07 13:10:08,953  - INFO - ----  未检测   END     ----
2019-04-07 13:10:08,985  - INFO - ----  请求接口=【保存商品名字】a2参数错误,data参数错误,aa删除参数,        ----
2019-04-07 13:10:08,987  - INFO - ----  请求协议=http        ----
2019-04-07 13:10:08,988  - INFO - ----  请求url=127.0.0.1:8080/api/save_shop        ----
2019-04-07 13:10:08,988  - INFO - ----  请求方法=post        ----
2019-04-07 13:10:08,989  - INFO - ----  请求参数={'a2': 'c4d8f92e-1152-11e9-8119-bcee7b76a849', 'data': 'c571b8f8-1152-11e9-bd3d-bcee7b76a849'}        ----
2019-04-07 13:10:08,990  - INFO - ----  未检测   END     ----
2019-04-07 13:10:09,020  - INFO - ----  请求接口=【保存商品名字】a2删除参数,data删除参数,aa删除参数,        ----
2019-04-07 13:10:09,026  - INFO - ----  请求协议=http        ----
2019-04-07 13:10:09,027  - INFO - ----  请求url=127.0.0.1:8080/api/save_shop        ----
2019-04-07 13:10:09,029  - INFO - ----  请求方法=post        ----
2019-04-07 13:10:09,031  - INFO - ----  请求参数={}        ----
2019-04-07 13:10:09,032  - INFO - ----  未检测   END     ----
2019-04-07 13:10:09,066  - INFO - ----  请求接口=【保存商品名字】a2删除参数,data参数错误,aa参数错误,        ----
2019-04-07 13:10:09,067  - INFO - ----  请求协议=http        ----
2019-04-07 13:10:09,069  - INFO - ----  请求url=127.0.0.1:8080/api/save_shop        ----
2019-04-07 13:10:09,070  - INFO - ----  请求方法=post        ----
2019-04-07 13:10:09,071  - INFO - ----  请求参数={'aa': 'c60a78c8-1152-11e9-acea-bcee7b76a849', 'data': 'c571b8f8-1152-11e9-bd3d-bcee7b76a849'}        ----
2019-04-07 13:10:09,072  - INFO - ----  未检测   END     ----
2019-04-07 13:10:09,108  - INFO - ----  请求接口=保存商品名字        ----
2019-04-07 13:10:09,112  - INFO - ----  请求协议=http        ----
2019-04-07 13:10:09,113  - INFO - ----  请求url=127.0.0.1:8080/api/save_shop        ----
2019-04-07 13:10:09,114  - INFO - ----  请求方法=post        ----
2019-04-07 13:10:09,114  - INFO - ----  请求参数={"data":[{"a3": "a31"}],"aa": "cc", "a2": "c2"}        ----
2019-04-07 13:10:09,115  - WARNING - ===value={"msg": "\u4fdd\u5b58\u6210\u529f", "code": 0}=type=<class 'str'>=
2019-04-07 13:10:09,116  - INFO - ----  检查点=失败   END     ----
2019-04-07 13:10:09,178  - WARNING - 创建文件成功
2019-04-07 13:10:09,344  - WARNING - ===run={'msg': '测试完成', 'code': 0}==
2019-04-07 13:10:09,359  - INFO - Task api.tasks.task_run[4e097337-59e1-43f0-ba6c-972e5bcfdadd] succeeded in 10.700999999999112s: True
2019-04-07 13:12:57,120  - INFO - Received task: api.tasks.task_run[284c10f1-ace8-46b2-abc2-952be70fad8d]  
2019-04-07 13:12:57,145  - WARNING - =======1111================
2019-04-07 13:13:07,148  - WARNING - ==========22222=============
2019-04-07 13:13:07,238  - INFO - ----  请求接口=得到个人信息        ----
2019-04-07 13:13:07,243  - INFO - ----  请求协议=http        ----
2019-04-07 13:13:07,244  - INFO - ----  请求url=127.0.0.1:8080/api/get_shop_list        ----
2019-04-07 13:13:07,245  - INFO - ----  请求方法=get        ----
2019-04-07 13:13:07,246  - INFO - ----  请求参数={"code": 1, "a":"2"}        ----
2019-04-07 13:13:07,246  - WARNING - ===value={"data": [{"name": "\u6a58\u5b50", "id": 1001}, {"name": "\u54c8\u5bc6\u74dc", "id": 1002}], "msg": "\u8bf7\u6c42\u6210\u529f", "code": 0}=type=<class 'str'>=
2019-04-07 13:13:07,248  - INFO - ----  检查点=通过   END     ----
2019-04-07 13:13:07,284  - INFO - ----  请求接口=获取天气列表        ----
2019-04-07 13:13:07,285  - INFO - ----  请求协议=http        ----
2019-04-07 13:13:07,286  - INFO - ----  请求url=127.0.0.1:8080/api/save_shop        ----
2019-04-07 13:13:07,291  - INFO - ----  请求方法=post        ----
2019-04-07 13:13:07,291  - INFO - ----  请求参数={"data":[{"a3": "a31"}],"aa": "cc", "a2": "c2"}        ----
2019-04-07 13:13:07,292  - WARNING - ===value={"msg": "\u4fdd\u5b58\u6210\u529f", "code": 0}=type=<class 'str'>=
2019-04-07 13:13:07,293  - INFO - ----  检查点=失败   END     ----
2019-04-07 13:13:07,330  - INFO - ----  请求接口=获取商品列表        ----
2019-04-07 13:13:07,333  - INFO - ----  请求协议=http        ----
2019-04-07 13:13:07,335  - INFO - ----  请求url=127.0.0.1:8080/api/get_shop_list        ----
2019-04-07 13:13:07,336  - INFO - ----  请求方法=get        ----
2019-04-07 13:13:07,337  - INFO - ----  请求参数={"code": 1, "a":"2"}        ----
2019-04-07 13:13:07,338  - WARNING - ===value={"data": [{"name": "\u6a58\u5b50", "id": 1001}, {"name": "\u54c8\u5bc6\u74dc", "id": 1002}], "msg": "\u8bf7\u6c42\u6210\u529f", "code": 0}=type=<class 'str'>=
2019-04-07 13:13:07,339  - INFO - ----  检查点=通过   END     ----
2019-04-07 13:13:07,361  - WARNING - =====有模糊用例====
2019-04-07 13:13:07,371  - INFO - ----  请求接口=【保存商品名字】a2参数错误,data删除参数,aa参数错误,        ----
2019-04-07 13:13:07,372  - INFO - ----  请求协议=http        ----
2019-04-07 13:13:07,373  - INFO - ----  请求url=127.0.0.1:8080/api/save_shop        ----
2019-04-07 13:13:07,373  - INFO - ----  请求方法=post        ----
2019-04-07 13:13:07,378  - INFO - ----  请求参数={'a2': 'c4d8f92e-1152-11e9-8119-bcee7b76a849', 'aa': 'c60a78c8-1152-11e9-acea-bcee7b76a849'}        ----
2019-04-07 13:13:07,379  - INFO - ----  未检测   END     ----
2019-04-07 13:13:07,413  - INFO - ----  请求接口=【保存商品名字】a2参数错误,data参数错误,aa删除参数,        ----
2019-04-07 13:13:07,415  - INFO - ----  请求协议=http        ----
2019-04-07 13:13:07,421  - INFO - ----  请求url=127.0.0.1:8080/api/save_shop        ----
2019-04-07 13:13:07,422  - INFO - ----  请求方法=post        ----
2019-04-07 13:13:07,423  - INFO - ----  请求参数={'a2': 'c4d8f92e-1152-11e9-8119-bcee7b76a849', 'data': 'c571b8f8-1152-11e9-bd3d-bcee7b76a849'}        ----
2019-04-07 13:13:07,425  - INFO - ----  未检测   END     ----
2019-04-07 13:13:07,465  - INFO - ----  请求接口=【保存商品名字】a2删除参数,data删除参数,aa删除参数,        ----
2019-04-07 13:13:07,471  - INFO - ----  请求协议=http        ----
2019-04-07 13:13:07,472  - INFO - ----  请求url=127.0.0.1:8080/api/save_shop        ----
2019-04-07 13:13:07,473  - INFO - ----  请求方法=post        ----
2019-04-07 13:13:07,474  - INFO - ----  请求参数={}        ----
2019-04-07 13:13:07,484  - INFO - ----  未检测   END     ----
2019-04-07 13:13:07,511  - INFO - ----  请求接口=【保存商品名字】a2删除参数,data参数错误,aa参数错误,        ----
2019-04-07 13:13:07,517  - INFO - ----  请求协议=http        ----
2019-04-07 13:13:07,518  - INFO - ----  请求url=127.0.0.1:8080/api/save_shop        ----
2019-04-07 13:13:07,518  - INFO - ----  请求方法=post        ----
2019-04-07 13:13:07,519  - INFO - ----  请求参数={'aa': 'c60a78c8-1152-11e9-acea-bcee7b76a849', 'data': 'c571b8f8-1152-11e9-bd3d-bcee7b76a849'}        ----
2019-04-07 13:13:07,520  - INFO - ----  未检测   END     ----
2019-04-07 13:13:07,553  - INFO - ----  请求接口=保存商品名字        ----
2019-04-07 13:13:07,556  - INFO - ----  请求协议=http        ----
2019-04-07 13:13:07,561  - INFO - ----  请求url=127.0.0.1:8080/api/save_shop        ----
2019-04-07 13:13:07,563  - INFO - ----  请求方法=post        ----
2019-04-07 13:13:07,567  - INFO - ----  请求参数={"data":[{"a3": "a31"}],"aa": "cc", "a2": "c2"}        ----
2019-04-07 13:13:07,569  - WARNING - ===value={"msg": "\u4fdd\u5b58\u6210\u529f", "code": 0}=type=<class 'str'>=
2019-04-07 13:13:07,570  - INFO - ----  检查点=失败   END     ----
2019-04-07 13:13:07,633  - WARNING - 创建文件成功
2019-04-07 13:13:07,814  - WARNING - ===run={'msg': '测试完成', 'code': 0}==
2019-04-07 13:13:07,818  - INFO - Task api.tasks.task_run[284c10f1-ace8-46b2-abc2-952be70fad8d] succeeded in 10.670000000000073s: True
2019-04-07 13:13:57,010  - INFO - Received task: api.tasks.task_run[e4404212-b0e4-496d-9f3e-4d302bdc9662]  
2019-04-07 13:13:57,013  - WARNING - =======1111================
2019-04-07 13:14:07,017  - WARNING - ==========22222=============
2019-04-07 13:14:07,120  - INFO - ----  请求接口=得到个人信息        ----
2019-04-07 13:14:07,130  - INFO - ----  请求协议=http        ----
2019-04-07 13:14:07,143  - INFO - ----  请求url=127.0.0.1:8080/api/get_shop_list        ----
2019-04-07 13:14:07,144  - INFO - ----  请求方法=get        ----
2019-04-07 13:14:07,145  - INFO - ----  请求参数={"code": 1, "a":"2"}        ----
2019-04-07 13:14:07,146  - WARNING - ===value={"data": [{"name": "\u6a58\u5b50", "id": 1001}, {"name": "\u54c8\u5bc6\u74dc", "id": 1002}], "msg": "\u8bf7\u6c42\u6210\u529f", "code": 0}=type=<class 'str'>=
2019-04-07 13:14:07,147  - INFO - ----  检查点=通过   END     ----
2019-04-07 13:14:07,182  - INFO - ----  请求接口=获取天气列表        ----
2019-04-07 13:14:07,184  - INFO - ----  请求协议=http        ----
2019-04-07 13:14:07,184  - INFO - ----  请求url=127.0.0.1:8080/api/save_shop        ----
2019-04-07 13:14:07,190  - INFO - ----  请求方法=post        ----
2019-04-07 13:14:07,191  - INFO - ----  请求参数={"data":[{"a3": "a31"}],"aa": "cc", "a2": "c2"}        ----
2019-04-07 13:14:07,192  - WARNING - ===value={"msg": "\u4fdd\u5b58\u6210\u529f", "code": 0}=type=<class 'str'>=
2019-04-07 13:14:07,194  - INFO - ----  检查点=失败   END     ----
2019-04-07 13:14:07,236  - INFO - ----  请求接口=获取商品列表        ----
2019-04-07 13:14:07,241  - INFO - ----  请求协议=http        ----
2019-04-07 13:14:07,242  - INFO - ----  请求url=127.0.0.1:8080/api/get_shop_list        ----
2019-04-07 13:14:07,244  - INFO - ----  请求方法=get        ----
2019-04-07 13:14:07,244  - INFO - ----  请求参数={"code": 1, "a":"2"}        ----
2019-04-07 13:14:07,245  - WARNING - ===value={"data": [{"name": "\u6a58\u5b50", "id": 1001}, {"name": "\u54c8\u5bc6\u74dc", "id": 1002}], "msg": "\u8bf7\u6c42\u6210\u529f", "code": 0}=type=<class 'str'>=
2019-04-07 13:14:07,246  - INFO - ----  检查点=通过   END     ----
2019-04-07 13:14:07,272  - WARNING - =====有模糊用例====
2019-04-07 13:14:07,288  - INFO - ----  请求接口=【保存商品名字】a2参数错误,data删除参数,aa参数错误,        ----
2019-04-07 13:14:07,294  - INFO - ----  请求协议=http        ----
2019-04-07 13:14:07,295  - INFO - ----  请求url=127.0.0.1:8080/api/save_shop        ----
2019-04-07 13:14:07,296  - INFO - ----  请求方法=post        ----
2019-04-07 13:14:07,297  - INFO - ----  请求参数={'a2': 'c4d8f92e-1152-11e9-8119-bcee7b76a849', 'aa': 'c60a78c8-1152-11e9-acea-bcee7b76a849'}        ----
2019-04-07 13:14:07,299  - INFO - ----  未检测   END     ----
2019-04-07 13:14:07,331  - INFO - ----  请求接口=【保存商品名字】a2参数错误,data参数错误,aa删除参数,        ----
2019-04-07 13:14:07,334  - INFO - ----  请求协议=http        ----
2019-04-07 13:14:07,339  - INFO - ----  请求url=127.0.0.1:8080/api/save_shop        ----
2019-04-07 13:14:07,340  - INFO - ----  请求方法=post        ----
2019-04-07 13:14:07,341  - INFO - ----  请求参数={'a2': 'c4d8f92e-1152-11e9-8119-bcee7b76a849', 'data': 'c571b8f8-1152-11e9-bd3d-bcee7b76a849'}        ----
2019-04-07 13:14:07,342  - INFO - ----  未检测   END     ----
2019-04-07 13:14:07,376  - INFO - ----  请求接口=【保存商品名字】a2删除参数,data删除参数,aa删除参数,        ----
2019-04-07 13:14:07,378  - INFO - ----  请求协议=http        ----
2019-04-07 13:14:07,379  - INFO - ----  请求url=127.0.0.1:8080/api/save_shop        ----
2019-04-07 13:14:07,384  - INFO - ----  请求方法=post        ----
2019-04-07 13:14:07,384  - INFO - ----  请求参数={}        ----
2019-04-07 13:14:07,385  - INFO - ----  未检测   END     ----
2019-04-07 13:14:07,414  - INFO - ----  请求接口=【保存商品名字】a2删除参数,data参数错误,aa参数错误,        ----
2019-04-07 13:14:07,415  - INFO - ----  请求协议=http        ----
2019-04-07 13:14:07,417  - INFO - ----  请求url=127.0.0.1:8080/api/save_shop        ----
2019-04-07 13:14:07,418  - INFO - ----  请求方法=post        ----
2019-04-07 13:14:07,419  - INFO - ----  请求参数={'aa': 'c60a78c8-1152-11e9-acea-bcee7b76a849', 'data': 'c571b8f8-1152-11e9-bd3d-bcee7b76a849'}        ----
2019-04-07 13:14:07,420  - INFO - ----  未检测   END     ----
2019-04-07 13:14:07,452  - INFO - ----  请求接口=保存商品名字        ----
2019-04-07 13:14:07,453  - INFO - ----  请求协议=http        ----
2019-04-07 13:14:07,458  - INFO - ----  请求url=127.0.0.1:8080/api/save_shop        ----
2019-04-07 13:14:07,459  - INFO - ----  请求方法=post        ----
2019-04-07 13:14:07,460  - INFO - ----  请求参数={"data":[{"a3": "a31"}],"aa": "cc", "a2": "c2"}        ----
2019-04-07 13:14:07,461  - WARNING - ===value={"msg": "\u4fdd\u5b58\u6210\u529f", "code": 0}=type=<class 'str'>=
2019-04-07 13:14:07,462  - INFO - ----  检查点=失败   END     ----
2019-04-07 13:14:07,519  - WARNING - 创建文件成功
2019-04-07 13:14:07,660  - WARNING - ===run={'msg': '测试完成', 'code': 0}==
2019-04-07 13:14:07,668  - INFO - Task api.tasks.task_run[e4404212-b0e4-496d-9f3e-4d302bdc9662] succeeded in 10.655000000000655s: True
