2019-04-07 12:14:39,757  - INFO - ----  请求接口=得到个人信息        ----
2019-04-07 12:14:39,776  - INFO - ----  请求协议=http        ----
2019-04-07 12:14:39,777  - INFO - ----  请求url=127.0.0.1:8080/api/get_shop_list        ----
2019-04-07 12:14:39,777  - INFO - ----  请求方法=get        ----
2019-04-07 12:14:39,778  - INFO - ----  请求参数={"code": 1, "a":"2"}        ----
2019-04-07 12:14:39,787  - WARNING - ===value={"data": [{"name": "\u6a58\u5b50", "id": 1001}, {"name": "\u54c8\u5bc6\u74dc", "id": 1002}], "msg": "\u8bf7\u6c42\u6210\u529f", "code": 0}=type=<class 'str'>=
2019-04-07 12:14:39,788  - INFO - ----  检查点=通过   END     ----
2019-04-07 12:14:39,821  - INFO - ----  请求接口=获取天气列表        ----
2019-04-07 12:14:39,826  - INFO - ----  请求协议=http        ----
2019-04-07 12:14:39,827  - INFO - ----  请求url=127.0.0.1:8080/api/save_shop        ----
2019-04-07 12:14:39,834  - INFO - ----  请求方法=post        ----
2019-04-07 12:14:39,835  - INFO - ----  请求参数={"data":[{"a3": "a31"}],"aa": "cc", "a2": "c2"}        ----
2019-04-07 12:14:39,838  - WARNING - ===value={"msg": "\u4fdd\u5b58\u6210\u529f", "code": 0}=type=<class 'str'>=
2019-04-07 12:14:39,850  - INFO - ----  检查点=失败   END     ----
2019-04-07 12:14:39,886  - INFO - ----  请求接口=获取商品列表        ----
2019-04-07 12:14:39,887  - INFO - ----  请求协议=http        ----
2019-04-07 12:14:39,902  - INFO - ----  请求url=127.0.0.1:8080/api/get_shop_list        ----
2019-04-07 12:14:39,904  - INFO - ----  请求方法=get        ----
2019-04-07 12:14:39,904  - INFO - ----  请求参数={"code": 1, "a":"2"}        ----
2019-04-07 12:14:39,905  - WARNING - ===value={"data": [{"name": "\u6a58\u5b50", "id": 1001}, {"name": "\u54c8\u5bc6\u74dc", "id": 1002}], "msg": "\u8bf7\u6c42\u6210\u529f", "code": 0}=type=<class 'str'>=
2019-04-07 12:14:39,908  - INFO - ----  检查点=通过   END     ----
2019-04-07 12:14:39,938  - WARNING - =====有模糊用例====
2019-04-07 12:14:39,953  - INFO - ----  请求接口=【保存商品名字】a2参数错误,data删除参数,aa参数错误,        ----
2019-04-07 12:14:39,982  - INFO - ----  请求协议=http        ----
2019-04-07 12:14:39,983  - INFO - ----  请求url=127.0.0.1:8080/api/save_shop        ----
2019-04-07 12:14:39,983  - INFO - ----  请求方法=post        ----
2019-04-07 12:14:39,983  - INFO - ----  请求参数={'a2': 'c4d8f92e-1152-11e9-8119-bcee7b76a849', 'aa': 'c60a78c8-1152-11e9-acea-bcee7b76a849'}        ----
2019-04-07 12:14:39,996  - INFO - ----  未检测   END     ----
2019-04-07 12:14:40,039  - INFO - ----  请求接口=【保存商品名字】a2参数错误,data参数错误,aa删除参数,        ----
2019-04-07 12:14:40,041  - INFO - ----  请求协议=http        ----
2019-04-07 12:14:40,041  - INFO - ----  请求url=127.0.0.1:8080/api/save_shop        ----
2019-04-07 12:14:40,042  - INFO - ----  请求方法=post        ----
2019-04-07 12:14:40,046  - INFO - ----  请求参数={'a2': 'c4d8f92e-1152-11e9-8119-bcee7b76a849', 'data': 'c571b8f8-1152-11e9-bd3d-bcee7b76a849'}        ----
2019-04-07 12:14:40,047  - INFO - ----  未检测   END     ----
2019-04-07 12:14:40,077  - INFO - ----  请求接口=【保存商品名字】a2删除参数,data删除参数,aa删除参数,        ----
2019-04-07 12:14:40,082  - INFO - ----  请求协议=http        ----
2019-04-07 12:14:40,082  - INFO - ----  请求url=127.0.0.1:8080/api/save_shop        ----
2019-04-07 12:14:40,083  - INFO - ----  请求方法=post        ----
2019-04-07 12:14:40,083  - INFO - ----  请求参数={}        ----
2019-04-07 12:14:40,084  - INFO - ----  未检测   END     ----
2019-04-07 12:14:40,111  - INFO - ----  请求接口=【保存商品名字】a2删除参数,data参数错误,aa参数错误,        ----
2019-04-07 12:14:40,165  - INFO - ----  请求协议=http        ----
2019-04-07 12:14:40,166  - INFO - ----  请求url=127.0.0.1:8080/api/save_shop        ----
2019-04-07 12:14:40,167  - INFO - ----  请求方法=post        ----
2019-04-07 12:14:40,168  - INFO - ----  请求参数={'aa': 'c60a78c8-1152-11e9-acea-bcee7b76a849', 'data': 'c571b8f8-1152-11e9-bd3d-bcee7b76a849'}        ----
2019-04-07 12:14:40,168  - INFO - ----  未检测   END     ----
2019-04-07 12:14:40,215  - INFO - ----  请求接口=保存商品名字        ----
2019-04-07 12:14:40,325  - INFO - ----  请求协议=http        ----
2019-04-07 12:14:40,338  - INFO - ----  请求url=127.0.0.1:8080/api/save_shop        ----
2019-04-07 12:14:40,339  - INFO - ----  请求方法=post        ----
2019-04-07 12:14:40,339  - INFO - ----  请求参数={"data":[{"a3": "a31"}],"aa": "cc", "a2": "c2"}        ----
2019-04-07 12:14:40,340  - WARNING - ===value={"msg": "\u4fdd\u5b58\u6210\u529f", "code": 0}=type=<class 'str'>=
2019-04-07 12:14:40,341  - INFO - ----  检查点=失败   END     ----
2019-04-07 12:14:40,498  - WARNING - 创建文件成功
2019-04-07 12:14:40,640  - WARNING - ===run={'msg': '测试完成', 'code': 0}==
2019-04-07 12:14:40,653  - INFO - Task api.tasks.task_run[aad7dfe1-578e-4e1d-827b-b07f0d4dec28] succeeded in 11.030000000000655s: True
