2019-04-07 13:20:33,546  - INFO - ----  请求接口=得到个人信息        ----
2019-04-07 13:20:33,559  - INFO - ----  请求协议=http        ----
2019-04-07 13:20:33,560  - INFO - ----  请求url=127.0.0.1:8080/api/get_shop_list        ----
2019-04-07 13:20:33,560  - INFO - ----  请求方法=get        ----
2019-04-07 13:20:33,560  - INFO - ----  请求参数={"code": 1, "a":"2"}        ----
2019-04-07 13:20:33,560  - WARNING - ===value={"data": [{"name": "\u6a58\u5b50", "id": 1001}, {"name": "\u54c8\u5bc6\u74dc", "id": 1002}], "msg": "\u8bf7\u6c42\u6210\u529f", "code": 0}=type=<class 'str'>=
2019-04-07 13:20:33,561  - INFO - ----  检查点=通过   END     ----
2019-04-07 13:20:33,596  - INFO - ----  请求接口=获取天气列表        ----
2019-04-07 13:20:33,610  - INFO - ----  请求协议=http        ----
2019-04-07 13:20:33,611  - INFO - ----  请求url=127.0.0.1:8080/api/save_shop        ----
2019-04-07 13:20:33,611  - INFO - ----  请求方法=post        ----
2019-04-07 13:20:33,611  - INFO - ----  请求参数={"data":[{"a3": "a31"}],"aa": "cc", "a2": "c2"}        ----
2019-04-07 13:20:33,612  - WARNING - ===value={"msg": "\u4fdd\u5b58\u6210\u529f", "code": 0}=type=<class 'str'>=
2019-04-07 13:20:33,612  - INFO - ----  检查点=失败   END     ----
2019-04-07 13:20:33,644  - INFO - ----  请求接口=获取商品列表        ----
2019-04-07 13:20:33,651  - INFO - ----  请求协议=http        ----
2019-04-07 13:20:33,653  - INFO - ----  请求url=127.0.0.1:8080/api/get_shop_list        ----
2019-04-07 13:20:33,653  - INFO - ----  请求方法=get        ----
2019-04-07 13:20:33,653  - INFO - ----  请求参数={"code": 1, "a":"2"}        ----
2019-04-07 13:20:33,653  - WARNING - ===value={"data": [{"name": "\u6a58\u5b50", "id": 1001}, {"name": "\u54c8\u5bc6\u74dc", "id": 1002}], "msg": "\u8bf7\u6c42\u6210\u529f", "code": 0}=type=<class 'str'>=
2019-04-07 13:20:33,655  - INFO - ----  检查点=通过   END     ----
2019-04-07 13:20:33,677  - WARNING - =====有模糊用例====
2019-04-07 13:20:33,688  - INFO - ----  请求接口=【保存商品名字】a2参数错误,data删除参数,aa参数错误,        ----
2019-04-07 13:20:33,696  - INFO - ----  请求协议=http        ----
2019-04-07 13:20:33,697  - INFO - ----  请求url=127.0.0.1:8080/api/save_shop        ----
2019-04-07 13:20:33,697  - INFO - ----  请求方法=post        ----
2019-04-07 13:20:33,697  - INFO - ----  请求参数={'a2': 'c4d8f92e-1152-11e9-8119-bcee7b76a849', 'aa': 'c60a78c8-1152-11e9-acea-bcee7b76a849'}        ----
2019-04-07 13:20:33,697  - INFO - ----  未检测   END     ----
2019-04-07 13:20:33,726  - INFO - ----  请求接口=【保存商品名字】a2参数错误,data参数错误,aa删除参数,        ----
2019-04-07 13:20:33,730  - INFO - ----  请求协议=http        ----
2019-04-07 13:20:33,739  - INFO - ----  请求url=127.0.0.1:8080/api/save_shop        ----
2019-04-07 13:20:33,740  - INFO - ----  请求方法=post        ----
2019-04-07 13:20:33,741  - INFO - ----  请求参数={'a2': 'c4d8f92e-1152-11e9-8119-bcee7b76a849', 'data': 'c571b8f8-1152-11e9-bd3d-bcee7b76a849'}        ----
2019-04-07 13:20:33,741  - INFO - ----  未检测   END     ----
2019-04-07 13:20:33,771  - INFO - ----  请求接口=【保存商品名字】a2删除参数,data删除参数,aa删除参数,        ----
2019-04-07 13:20:33,775  - INFO - ----  请求协议=http        ----
2019-04-07 13:20:33,776  - INFO - ----  请求url=127.0.0.1:8080/api/save_shop        ----
2019-04-07 13:20:33,777  - INFO - ----  请求方法=post        ----
2019-04-07 13:20:33,785  - INFO - ----  请求参数={}        ----
2019-04-07 13:20:33,785  - INFO - ----  未检测   END     ----
2019-04-07 13:20:33,814  - INFO - ----  请求接口=【保存商品名字】a2删除参数,data参数错误,aa参数错误,        ----
2019-04-07 13:20:33,817  - INFO - ----  请求协议=http        ----
2019-04-07 13:20:33,818  - INFO - ----  请求url=127.0.0.1:8080/api/save_shop        ----
2019-04-07 13:20:33,818  - INFO - ----  请求方法=post        ----
2019-04-07 13:20:33,819  - INFO - ----  请求参数={'aa': 'c60a78c8-1152-11e9-acea-bcee7b76a849', 'data': 'c571b8f8-1152-11e9-bd3d-bcee7b76a849'}        ----
2019-04-07 13:20:33,819  - INFO - ----  未检测   END     ----
2019-04-07 13:20:33,857  - INFO - ----  请求接口=保存商品名字        ----
2019-04-07 13:20:33,866  - INFO - ----  请求协议=http        ----
2019-04-07 13:20:33,867  - INFO - ----  请求url=127.0.0.1:8080/api/save_shop        ----
2019-04-07 13:20:33,868  - INFO - ----  请求方法=post        ----
2019-04-07 13:20:33,870  - INFO - ----  请求参数={"data":[{"a3": "a31"}],"aa": "cc", "a2": "c2"}        ----
2019-04-07 13:20:33,870  - WARNING - ===value={"msg": "\u4fdd\u5b58\u6210\u529f", "code": 0}=type=<class 'str'>=
2019-04-07 13:20:33,870  - INFO - ----  检查点=失败   END     ----
2019-04-07 13:20:34,013  - WARNING - 创建文件成功
2019-04-07 13:20:34,236  - WARNING - ===run={'msg': '测试完成', 'code': 0}==
2019-04-07 13:20:34,322  - INFO - Task api.base.BaseViewTask.task_run[76909796-cf5d-4d99-a781-60a82caf3694] succeeded in 10.85700000000179s: True
