2019-02-07 14:54:20,486  - INFO - ----  登录_user_login_id_send_keys_lose        ----
2019-02-07 14:54:20,595  - INFO - ----  登录_user_password_id_send_keys_shikun1988        ----
2019-02-07 14:54:20,727  - INFO - ----  登录_commit_by_name_click_time        ----
2019-02-07 14:54:22,303  - INFO - ----  其他话题详情	_dropdown-avatar_class_name_click_        ----
2019-02-07 14:54:42,651  - INFO - ----  ==请检查//1ul[@class='dropdown-menu']/li/a[contains(text(),'lose')]==        ----
2019-02-07 14:54:42,651  - INFO - ----  检查点=失败   END     ----
2019-02-07 14:54:42,651  - INFO - [CheckPoint_1]: 其他话题详情	: NG
2019-02-07 14:54:44,602  - INFO - ----  个人话题详情_dropdown-avatar_class_name_click_        ----
2019-02-07 14:54:44,713  - INFO - ----  个人话题详情_//ul[@class='dropdown-menu']/li/a[contains(text(),'lose')]_xpath_click_        ----
2019-02-07 14:54:45,337  - INFO - ----  个人话题详情_//*[@id="main"]/div/div[2]/ul/li[3]_xpath_click_        ----
2019-02-07 14:54:45,960  - INFO - ----  个人话题详情_//table/tbody/tr[2]_xpath_click_        ----
2019-02-07 14:54:46,599  - INFO - ----  个人话题详情_//*[@id="main"]//span[contains(text(),'126 邮箱退出后 url 出现异常信息')]_xpath_0_        ----
2019-02-07 14:54:46,599  - INFO - ----  检查点=通过   END     ----
2019-02-07 14:54:46,600  - INFO - [CheckPoint_2]: 个人话题详情: OK
2019-02-07 14:54:47,234  - INFO - ----  个人资料设置_dropdown-avatar_class_name_click_        ----
2019-02-07 14:54:47,349  - INFO - ----  个人资料设置_//*[@class="dropdown-menu"]/li[3]_xpath_click_        ----
2019-02-07 14:54:48,019  - INFO - ----  个人资料设置_user_bio_id_send_keys_这是测试信息        ----
2019-02-07 14:54:48,131  - INFO - ----  个人资料设置_//*[@class="btn btn-lg btn-primary"]_xpath_click_        ----
2019-02-07 14:54:48,854  - INFO - ----  个人资料设置_#main > div.alert.alert-success_css_0_        ----
2019-02-07 14:54:48,854  - INFO - ----  检查点=通过   END     ----
2019-02-07 14:54:48,854  - INFO - [CheckPoint_3]: 个人资料设置: OK
2019-02-07 14:55:10,964  - INFO - ----  请求接口=得到个人信息        ----
2019-02-07 14:55:10,964  - INFO - ----  请求协议=http        ----
2019-02-07 14:55:10,964  - INFO - ----  请求url=127.0.0.1:8080/api/get_shop_list        ----
2019-02-07 14:55:10,964  - INFO - ----  请求方法=get        ----
2019-02-07 14:55:10,964  - INFO - ----  请求参数={"code": 1, "a":"2"}        ----
2019-02-07 14:55:10,965  - INFO - ----  检查点=通过   END     ----
2019-02-07 14:55:10,991  - INFO - ----  请求接口=获取天气列表        ----
2019-02-07 14:55:10,991  - INFO - ----  请求协议=http        ----
2019-02-07 14:55:10,991  - INFO - ----  请求url=127.0.0.1:8080/api/save_shop        ----
2019-02-07 14:55:10,992  - INFO - ----  请求方法=post        ----
2019-02-07 14:55:10,992  - INFO - ----  请求参数={"data":[{"a3": "a31"}],"aa": "cc", "a2": "c2"}        ----
2019-02-07 14:55:10,992  - INFO - ----  检查点=失败   END     ----
2019-02-07 14:55:11,018  - INFO - ----  请求接口=获取商品列表        ----
2019-02-07 14:55:11,019  - INFO - ----  请求协议=http        ----
2019-02-07 14:55:11,019  - INFO - ----  请求url=127.0.0.1:8080/api/get_shop_list        ----
2019-02-07 14:55:11,019  - INFO - ----  请求方法=get        ----
2019-02-07 14:55:11,019  - INFO - ----  请求参数={"code": 1, "a":"2"}        ----
2019-02-07 14:55:11,020  - INFO - ----  检查点=通过   END     ----
2019-02-07 14:55:11,048  - INFO - ----  请求接口=【保存商品名字】a2参数错误,data删除参数,aa参数错误,        ----
2019-02-07 14:55:11,048  - INFO - ----  请求协议=http        ----
2019-02-07 14:55:11,048  - INFO - ----  请求url=127.0.0.1:8080/api/save_shop        ----
2019-02-07 14:55:11,049  - INFO - ----  请求方法=post        ----
2019-02-07 14:55:11,049  - INFO - ----  请求参数={'a2': 'c4d8f92e-1152-11e9-8119-bcee7b76a849', 'aa': 'c60a78c8-1152-11e9-acea-bcee7b76a849'}        ----
2019-02-07 14:55:11,049  - INFO - ----  未检测   END     ----
2019-02-07 14:55:11,082  - INFO - ----  请求接口=【保存商品名字】a2参数错误,data参数错误,aa删除参数,        ----
2019-02-07 14:55:11,083  - INFO - ----  请求协议=http        ----
2019-02-07 14:55:11,085  - INFO - ----  请求url=127.0.0.1:8080/api/save_shop        ----
2019-02-07 14:55:11,085  - INFO - ----  请求方法=post        ----
2019-02-07 14:55:11,085  - INFO - ----  请求参数={'a2': 'c4d8f92e-1152-11e9-8119-bcee7b76a849', 'data': 'c571b8f8-1152-11e9-bd3d-bcee7b76a849'}        ----
2019-02-07 14:55:11,086  - INFO - ----  未检测   END     ----
2019-02-07 14:55:11,113  - INFO - ----  请求接口=【保存商品名字】a2删除参数,data删除参数,aa删除参数,        ----
2019-02-07 14:55:11,113  - INFO - ----  请求协议=http        ----
2019-02-07 14:55:11,113  - INFO - ----  请求url=127.0.0.1:8080/api/save_shop        ----
2019-02-07 14:55:11,114  - INFO - ----  请求方法=post        ----
2019-02-07 14:55:11,114  - INFO - ----  请求参数={}        ----
2019-02-07 14:55:11,114  - INFO - ----  未检测   END     ----
2019-02-07 14:55:11,140  - INFO - ----  请求接口=【保存商品名字】a2删除参数,data参数错误,aa参数错误,        ----
2019-02-07 14:55:11,140  - INFO - ----  请求协议=http        ----
2019-02-07 14:55:11,141  - INFO - ----  请求url=127.0.0.1:8080/api/save_shop        ----
2019-02-07 14:55:11,141  - INFO - ----  请求方法=post        ----
2019-02-07 14:55:11,141  - INFO - ----  请求参数={'aa': 'c60a78c8-1152-11e9-acea-bcee7b76a849', 'data': 'c571b8f8-1152-11e9-bd3d-bcee7b76a849'}        ----
2019-02-07 14:55:11,141  - INFO - ----  未检测   END     ----
2019-02-07 14:55:11,171  - INFO - ----  请求接口=保存商品名字        ----
2019-02-07 14:55:11,171  - INFO - ----  请求协议=http        ----
2019-02-07 14:55:11,171  - INFO - ----  请求url=127.0.0.1:8080/api/save_shop        ----
2019-02-07 14:55:11,171  - INFO - ----  请求方法=post        ----
2019-02-07 14:55:11,171  - INFO - ----  请求参数={"data":[{"a3": "a31"}],"aa": "cc", "a2": "c2"}        ----
2019-02-07 14:55:11,172  - INFO - ----  检查点=失败   END     ----
