2019-02-07 15:03:20,985  - INFO - ----  登录_user_login_id_send_keys_lose        ----
2019-02-07 15:03:21,086  - INFO - ----  登录_user_password_id_send_keys_shikun1988        ----
2019-02-07 15:03:21,195  - INFO - ----  登录_commit_by_name_click_time        ----
2019-02-07 15:03:22,711  - INFO - ----  其他话题详情	_dropdown-avatar_class_name_click_        ----
2019-02-07 15:03:22,795  - INFO - ----  其他话题详情	_//ul[@class='dropdown-menu']/li/a[contains(text(),'lose')]_xpath_click_        ----
2019-02-07 15:03:23,398  - INFO - ----  其他话题详情	_//*[@id="main"]/div/div[2]/ul/li[3]_xpath_click_        ----
2019-02-07 15:03:24,033  - INFO - ----  其他话题详情	_//table/tbody/tr[2]_xpath_click_        ----
2019-02-07 15:03:24,655  - INFO - ----  其他话题详情	_//*[@id="main"]//span[contains(text(),'126 邮箱退出后 url 出现异常信息')]_xpath_0_        ----
2019-02-07 15:03:24,655  - INFO - ----  检查点=通过   END     ----
2019-02-07 15:03:24,655  - INFO - [CheckPoint_1]: 其他话题详情	: OK
2019-02-07 15:03:25,069  - INFO - ----  个人话题详情_dropdown-avatar_class_name_click_        ----
2019-02-07 15:03:25,160  - INFO - ----  个人话题详情_//ul[@class='dropdown-menu']/li/a[contains(text(),'lose')]_xpath_click_        ----
2019-02-07 15:03:25,760  - INFO - ----  个人话题详情_//*[@id="main"]/div/div[2]/ul/li[3]_xpath_click_        ----
2019-02-07 15:03:26,385  - INFO - ----  个人话题详情_//table/tbody/tr[2]_xpath_click_        ----
2019-02-07 15:03:26,993  - INFO - ----  个人话题详情_//*[@id="main"]//span[contains(text(),'126 邮箱退出后 url 出现异常信息')]_xpath_0_        ----
2019-02-07 15:03:26,993  - INFO - ----  检查点=通过   END     ----
2019-02-07 15:03:26,994  - INFO - [CheckPoint_2]: 个人话题详情: OK
2019-02-07 15:03:27,428  - INFO - ----  个人资料设置_dropdown-avatar_class_name_click_        ----
2019-02-07 15:03:27,503  - INFO - ----  个人资料设置_//*[@class="dropdown-menu"]/li[3]_xpath_click_        ----
2019-02-07 15:03:28,119  - INFO - ----  个人资料设置_user_bio_id_send_keys_这是测试信息        ----
2019-02-07 15:03:28,219  - INFO - ----  个人资料设置_//*[@class="btn btn-lg btn-primary"]_xpath_click_        ----
2019-02-07 15:03:28,669  - INFO - ----  个人资料设置_#main > div.alert.alert-success_css_0_        ----
2019-02-07 15:03:28,669  - INFO - ----  检查点=通过   END     ----
2019-02-07 15:03:28,669  - INFO - [CheckPoint_3]: 个人资料设置: OK
